have_func: checking for rb_absint_size()... -------------------- yes

"gcc -o conftest -I/Users/vanvu/.rvm/rubies/ruby-2.7.8/include/ruby-2.7.0/arm64-darwin21 -I/Users/vanvu/.rvm/rubies/ruby-2.7.8/include/ruby-2.7.0/ruby/backward -I/Users/vanvu/.rvm/rubies/ruby-2.7.8/include/ruby-2.7.0 -I. -I/opt/homebrew/opt/zlib/include -I/opt/homebrew/opt/libyaml/include -I/opt/homebrew/opt/libksba/include -I/opt/homebrew/opt/readline/include -I/opt/homebrew/opt/zlib/include -I/opt/homebrew/opt/openssl@1.1/include -I/opt/homebrew/opt/libyaml/include -I/opt/homebrew/opt/libksba/include -I/opt/homebrew/opt/readline/include -I/opt/homebrew/opt/zlib/include -I/opt/homebrew/opt/openssl@1.1/include -D_XOPEN_SOURCE -D_DARWIN_C_SOURCE -D_DARWIN_UNLIMITED_SELECT -D_REENTRANT   -g -O2 -fno-common -pipe conftest.c  -L. -L/Users/vanvu/.rvm/rubies/ruby-2.7.8/lib -L/opt/homebrew/opt/libyaml/lib -L/opt/homebrew/opt/libksba/lib -L/opt/homebrew/opt/readline/lib -L/opt/homebrew/opt/zlib/lib -L/opt/homebrew/opt/openssl@1.1/lib -L. -L/opt/homebrew/opt/zlib/lib -fstack-protector-strong -L/usr/local/lib -L/opt/homebrew/opt/libyaml/lib -L/opt/homebrew/opt/libksba/lib -L/opt/homebrew/opt/readline/lib -L/opt/homebrew/opt/zlib/lib -L/opt/homebrew/opt/openssl@1.1/lib -L/opt/homebrew/opt/libyaml/lib -L/opt/homebrew/opt/libksba/lib -L/opt/homebrew/opt/readline/lib -L/opt/homebrew/opt/zlib/lib -L/opt/homebrew/opt/openssl@1.1/lib  -m64   -lruby.2.7   "
checked program was:
/* begin */
1: #include "ruby.h"
2: 
3: int main(int argc, char **argv)
4: {
5:   return !!argv[argc];
6: }
/* end */

"gcc -o conftest -I/Users/vanvu/.rvm/rubies/ruby-2.7.8/include/ruby-2.7.0/arm64-darwin21 -I/Users/vanvu/.rvm/rubies/ruby-2.7.8/include/ruby-2.7.0/ruby/backward -I/Users/vanvu/.rvm/rubies/ruby-2.7.8/include/ruby-2.7.0 -I. -I/opt/homebrew/opt/zlib/include -I/opt/homebrew/opt/libyaml/include -I/opt/homebrew/opt/libksba/include -I/opt/homebrew/opt/readline/include -I/opt/homebrew/opt/zlib/include -I/opt/homebrew/opt/openssl@1.1/include -I/opt/homebrew/opt/libyaml/include -I/opt/homebrew/opt/libksba/include -I/opt/homebrew/opt/readline/include -I/opt/homebrew/opt/zlib/include -I/opt/homebrew/opt/openssl@1.1/include -D_XOPEN_SOURCE -D_DARWIN_C_SOURCE -D_DARWIN_UNLIMITED_SELECT -D_REENTRANT   -g -O2 -fno-common -pipe conftest.c  -L. -L/Users/vanvu/.rvm/rubies/ruby-2.7.8/lib -L/opt/homebrew/opt/libyaml/lib -L/opt/homebrew/opt/libksba/lib -L/opt/homebrew/opt/readline/lib -L/opt/homebrew/opt/zlib/lib -L/opt/homebrew/opt/openssl@1.1/lib -L. -L/opt/homebrew/opt/zlib/lib -fstack-protector-strong -L/usr/local/lib -L/opt/homebrew/opt/libyaml/lib -L/opt/homebrew/opt/libksba/lib -L/opt/homebrew/opt/readline/lib -L/opt/homebrew/opt/zlib/lib -L/opt/homebrew/opt/openssl@1.1/lib -L/opt/homebrew/opt/libyaml/lib -L/opt/homebrew/opt/libksba/lib -L/opt/homebrew/opt/readline/lib -L/opt/homebrew/opt/zlib/lib -L/opt/homebrew/opt/openssl@1.1/lib  -m64   -lruby.2.7   "
checked program was:
/* begin */
 1: #include "ruby.h"
 2: 
 3: /*top*/
 4: extern int t(void);
 5: int main(int argc, char **argv)
 6: {
 7:   if (argc > 1000000) {
 8:     int (* volatile tp)(void)=(int (*)(void))&t;
 9:     printf("%d", (*tp)());
10:   }
11: 
12:   return !!argv[argc];
13: }
14: int t(void) { void ((*volatile p)()); p = (void ((*)()))rb_absint_size; return !p; }
/* end */

--------------------

have_func: checking for rb_absint_singlebit_p()... -------------------- yes

"gcc -o conftest -I/Users/vanvu/.rvm/rubies/ruby-2.7.8/include/ruby-2.7.0/arm64-darwin21 -I/Users/vanvu/.rvm/rubies/ruby-2.7.8/include/ruby-2.7.0/ruby/backward -I/Users/vanvu/.rvm/rubies/ruby-2.7.8/include/ruby-2.7.0 -I. -I/opt/homebrew/opt/zlib/include -I/opt/homebrew/opt/libyaml/include -I/opt/homebrew/opt/libksba/include -I/opt/homebrew/opt/readline/include -I/opt/homebrew/opt/zlib/include -I/opt/homebrew/opt/openssl@1.1/include -I/opt/homebrew/opt/libyaml/include -I/opt/homebrew/opt/libksba/include -I/opt/homebrew/opt/readline/include -I/opt/homebrew/opt/zlib/include -I/opt/homebrew/opt/openssl@1.1/include -D_XOPEN_SOURCE -D_DARWIN_C_SOURCE -D_DARWIN_UNLIMITED_SELECT -D_REENTRANT   -g -O2 -fno-common -pipe conftest.c  -L. -L/Users/vanvu/.rvm/rubies/ruby-2.7.8/lib -L/opt/homebrew/opt/libyaml/lib -L/opt/homebrew/opt/libksba/lib -L/opt/homebrew/opt/readline/lib -L/opt/homebrew/opt/zlib/lib -L/opt/homebrew/opt/openssl@1.1/lib -L. -L/opt/homebrew/opt/zlib/lib -fstack-protector-strong -L/usr/local/lib -L/opt/homebrew/opt/libyaml/lib -L/opt/homebrew/opt/libksba/lib -L/opt/homebrew/opt/readline/lib -L/opt/homebrew/opt/zlib/lib -L/opt/homebrew/opt/openssl@1.1/lib -L/opt/homebrew/opt/libyaml/lib -L/opt/homebrew/opt/libksba/lib -L/opt/homebrew/opt/readline/lib -L/opt/homebrew/opt/zlib/lib -L/opt/homebrew/opt/openssl@1.1/lib  -m64   -lruby.2.7   "
checked program was:
/* begin */
 1: #include "ruby.h"
 2: 
 3: /*top*/
 4: extern int t(void);
 5: int main(int argc, char **argv)
 6: {
 7:   if (argc > 1000000) {
 8:     int (* volatile tp)(void)=(int (*)(void))&t;
 9:     printf("%d", (*tp)());
10:   }
11: 
12:   return !!argv[argc];
13: }
14: int t(void) { void ((*volatile p)()); p = (void ((*)()))rb_absint_singlebit_p; return !p; }
/* end */

--------------------

have_func: checking for rb_gc_mark_movable()... -------------------- yes

"gcc -o conftest -I/Users/vanvu/.rvm/rubies/ruby-2.7.8/include/ruby-2.7.0/arm64-darwin21 -I/Users/vanvu/.rvm/rubies/ruby-2.7.8/include/ruby-2.7.0/ruby/backward -I/Users/vanvu/.rvm/rubies/ruby-2.7.8/include/ruby-2.7.0 -I. -I/opt/homebrew/opt/zlib/include -I/opt/homebrew/opt/libyaml/include -I/opt/homebrew/opt/libksba/include -I/opt/homebrew/opt/readline/include -I/opt/homebrew/opt/zlib/include -I/opt/homebrew/opt/openssl@1.1/include -I/opt/homebrew/opt/libyaml/include -I/opt/homebrew/opt/libksba/include -I/opt/homebrew/opt/readline/include -I/opt/homebrew/opt/zlib/include -I/opt/homebrew/opt/openssl@1.1/include -D_XOPEN_SOURCE -D_DARWIN_C_SOURCE -D_DARWIN_UNLIMITED_SELECT -D_REENTRANT   -g -O2 -fno-common -pipe conftest.c  -L. -L/Users/vanvu/.rvm/rubies/ruby-2.7.8/lib -L/opt/homebrew/opt/libyaml/lib -L/opt/homebrew/opt/libksba/lib -L/opt/homebrew/opt/readline/lib -L/opt/homebrew/opt/zlib/lib -L/opt/homebrew/opt/openssl@1.1/lib -L. -L/opt/homebrew/opt/zlib/lib -fstack-protector-strong -L/usr/local/lib -L/opt/homebrew/opt/libyaml/lib -L/opt/homebrew/opt/libksba/lib -L/opt/homebrew/opt/readline/lib -L/opt/homebrew/opt/zlib/lib -L/opt/homebrew/opt/openssl@1.1/lib -L/opt/homebrew/opt/libyaml/lib -L/opt/homebrew/opt/libksba/lib -L/opt/homebrew/opt/readline/lib -L/opt/homebrew/opt/zlib/lib -L/opt/homebrew/opt/openssl@1.1/lib  -m64   -lruby.2.7   "
checked program was:
/* begin */
 1: #include "ruby.h"
 2: 
 3: /*top*/
 4: extern int t(void);
 5: int main(int argc, char **argv)
 6: {
 7:   if (argc > 1000000) {
 8:     int (* volatile tp)(void)=(int (*)(void))&t;
 9:     printf("%d", (*tp)());
10:   }
11: 
12:   return !!argv[argc];
13: }
14: int t(void) { void ((*volatile p)()); p = (void ((*)()))rb_gc_mark_movable; return !p; }
/* end */

--------------------

have_func: checking for rb_wait_for_single_fd()... -------------------- yes

"gcc -o conftest -I/Users/vanvu/.rvm/rubies/ruby-2.7.8/include/ruby-2.7.0/arm64-darwin21 -I/Users/vanvu/.rvm/rubies/ruby-2.7.8/include/ruby-2.7.0/ruby/backward -I/Users/vanvu/.rvm/rubies/ruby-2.7.8/include/ruby-2.7.0 -I. -I/opt/homebrew/opt/zlib/include -I/opt/homebrew/opt/libyaml/include -I/opt/homebrew/opt/libksba/include -I/opt/homebrew/opt/readline/include -I/opt/homebrew/opt/zlib/include -I/opt/homebrew/opt/openssl@1.1/include -I/opt/homebrew/opt/libyaml/include -I/opt/homebrew/opt/libksba/include -I/opt/homebrew/opt/readline/include -I/opt/homebrew/opt/zlib/include -I/opt/homebrew/opt/openssl@1.1/include -D_XOPEN_SOURCE -D_DARWIN_C_SOURCE -D_DARWIN_UNLIMITED_SELECT -D_REENTRANT   -g -O2 -fno-common -pipe conftest.c  -L. -L/Users/vanvu/.rvm/rubies/ruby-2.7.8/lib -L/opt/homebrew/opt/libyaml/lib -L/opt/homebrew/opt/libksba/lib -L/opt/homebrew/opt/readline/lib -L/opt/homebrew/opt/zlib/lib -L/opt/homebrew/opt/openssl@1.1/lib -L. -L/opt/homebrew/opt/zlib/lib -fstack-protector-strong -L/usr/local/lib -L/opt/homebrew/opt/libyaml/lib -L/opt/homebrew/opt/libksba/lib -L/opt/homebrew/opt/readline/lib -L/opt/homebrew/opt/zlib/lib -L/opt/homebrew/opt/openssl@1.1/lib -L/opt/homebrew/opt/libyaml/lib -L/opt/homebrew/opt/libksba/lib -L/opt/homebrew/opt/readline/lib -L/opt/homebrew/opt/zlib/lib -L/opt/homebrew/opt/openssl@1.1/lib  -m64   -lruby.2.7   "
conftest.c:14:57: error: use of undeclared identifier 'rb_wait_for_single_fd'
   14 | int t(void) { void ((*volatile p)()); p = (void ((*)()))rb_wait_for_single_fd; return !p; }
      |                                                         ^
1 error generated.
checked program was:
/* begin */
 1: #include "ruby.h"
 2: 
 3: /*top*/
 4: extern int t(void);
 5: int main(int argc, char **argv)
 6: {
 7:   if (argc > 1000000) {
 8:     int (* volatile tp)(void)=(int (*)(void))&t;
 9:     printf("%d", (*tp)());
10:   }
11: 
12:   return !!argv[argc];
13: }
14: int t(void) { void ((*volatile p)()); p = (void ((*)()))rb_wait_for_single_fd; return !p; }
/* end */

"gcc -o conftest -I/Users/vanvu/.rvm/rubies/ruby-2.7.8/include/ruby-2.7.0/arm64-darwin21 -I/Users/vanvu/.rvm/rubies/ruby-2.7.8/include/ruby-2.7.0/ruby/backward -I/Users/vanvu/.rvm/rubies/ruby-2.7.8/include/ruby-2.7.0 -I. -I/opt/homebrew/opt/zlib/include -I/opt/homebrew/opt/libyaml/include -I/opt/homebrew/opt/libksba/include -I/opt/homebrew/opt/readline/include -I/opt/homebrew/opt/zlib/include -I/opt/homebrew/opt/openssl@1.1/include -I/opt/homebrew/opt/libyaml/include -I/opt/homebrew/opt/libksba/include -I/opt/homebrew/opt/readline/include -I/opt/homebrew/opt/zlib/include -I/opt/homebrew/opt/openssl@1.1/include -D_XOPEN_SOURCE -D_DARWIN_C_SOURCE -D_DARWIN_UNLIMITED_SELECT -D_REENTRANT   -g -O2 -fno-common -pipe conftest.c  -L. -L/Users/vanvu/.rvm/rubies/ruby-2.7.8/lib -L/opt/homebrew/opt/libyaml/lib -L/opt/homebrew/opt/libksba/lib -L/opt/homebrew/opt/readline/lib -L/opt/homebrew/opt/zlib/lib -L/opt/homebrew/opt/openssl@1.1/lib -L. -L/opt/homebrew/opt/zlib/lib -fstack-protector-strong -L/usr/local/lib -L/opt/homebrew/opt/libyaml/lib -L/opt/homebrew/opt/libksba/lib -L/opt/homebrew/opt/readline/lib -L/opt/homebrew/opt/zlib/lib -L/opt/homebrew/opt/openssl@1.1/lib -L/opt/homebrew/opt/libyaml/lib -L/opt/homebrew/opt/libksba/lib -L/opt/homebrew/opt/readline/lib -L/opt/homebrew/opt/zlib/lib -L/opt/homebrew/opt/openssl@1.1/lib  -m64   -lruby.2.7   "
checked program was:
/* begin */
 1: #include "ruby.h"
 2: 
 3: /*top*/
 4: extern int t(void);
 5: int main(int argc, char **argv)
 6: {
 7:   if (argc > 1000000) {
 8:     int (* volatile tp)(void)=(int (*)(void))&t;
 9:     printf("%d", (*tp)());
10:   }
11: 
12:   return !!argv[argc];
13: }
14: extern void rb_wait_for_single_fd();
15: int t(void) { rb_wait_for_single_fd(); return 0; }
/* end */

--------------------

have_func: checking for rb_enc_interned_str() in ruby.h... -------------------- no

"gcc -o conftest -I/Users/vanvu/.rvm/rubies/ruby-2.7.8/include/ruby-2.7.0/arm64-darwin21 -I/Users/vanvu/.rvm/rubies/ruby-2.7.8/include/ruby-2.7.0/ruby/backward -I/Users/vanvu/.rvm/rubies/ruby-2.7.8/include/ruby-2.7.0 -I. -I/opt/homebrew/opt/zlib/include -I/opt/homebrew/opt/libyaml/include -I/opt/homebrew/opt/libksba/include -I/opt/homebrew/opt/readline/include -I/opt/homebrew/opt/zlib/include -I/opt/homebrew/opt/openssl@1.1/include -I/opt/homebrew/opt/libyaml/include -I/opt/homebrew/opt/libksba/include -I/opt/homebrew/opt/readline/include -I/opt/homebrew/opt/zlib/include -I/opt/homebrew/opt/openssl@1.1/include -D_XOPEN_SOURCE -D_DARWIN_C_SOURCE -D_DARWIN_UNLIMITED_SELECT -D_REENTRANT   -g -O2 -fno-common -pipe conftest.c  -L. -L/Users/vanvu/.rvm/rubies/ruby-2.7.8/lib -L/opt/homebrew/opt/libyaml/lib -L/opt/homebrew/opt/libksba/lib -L/opt/homebrew/opt/readline/lib -L/opt/homebrew/opt/zlib/lib -L/opt/homebrew/opt/openssl@1.1/lib -L. -L/opt/homebrew/opt/zlib/lib -fstack-protector-strong -L/usr/local/lib -L/opt/homebrew/opt/libyaml/lib -L/opt/homebrew/opt/libksba/lib -L/opt/homebrew/opt/readline/lib -L/opt/homebrew/opt/zlib/lib -L/opt/homebrew/opt/openssl@1.1/lib -L/opt/homebrew/opt/libyaml/lib -L/opt/homebrew/opt/libksba/lib -L/opt/homebrew/opt/readline/lib -L/opt/homebrew/opt/zlib/lib -L/opt/homebrew/opt/openssl@1.1/lib  -m64   -lruby.2.7   "
conftest.c:16:57: error: use of undeclared identifier 'rb_enc_interned_str'
   16 | int t(void) { void ((*volatile p)()); p = (void ((*)()))rb_enc_interned_str; return !p; }
      |                                                         ^
1 error generated.
checked program was:
/* begin */
 1: #include "ruby.h"
 2: 
 3: #include <ruby.h>
 4: 
 5: /*top*/
 6: extern int t(void);
 7: int main(int argc, char **argv)
 8: {
 9:   if (argc > 1000000) {
10:     int (* volatile tp)(void)=(int (*)(void))&t;
11:     printf("%d", (*tp)());
12:   }
13: 
14:   return !!argv[argc];
15: }
16: int t(void) { void ((*volatile p)()); p = (void ((*)()))rb_enc_interned_str; return !p; }
/* end */

"gcc -o conftest -I/Users/vanvu/.rvm/rubies/ruby-2.7.8/include/ruby-2.7.0/arm64-darwin21 -I/Users/vanvu/.rvm/rubies/ruby-2.7.8/include/ruby-2.7.0/ruby/backward -I/Users/vanvu/.rvm/rubies/ruby-2.7.8/include/ruby-2.7.0 -I. -I/opt/homebrew/opt/zlib/include -I/opt/homebrew/opt/libyaml/include -I/opt/homebrew/opt/libksba/include -I/opt/homebrew/opt/readline/include -I/opt/homebrew/opt/zlib/include -I/opt/homebrew/opt/openssl@1.1/include -I/opt/homebrew/opt/libyaml/include -I/opt/homebrew/opt/libksba/include -I/opt/homebrew/opt/readline/include -I/opt/homebrew/opt/zlib/include -I/opt/homebrew/opt/openssl@1.1/include -D_XOPEN_SOURCE -D_DARWIN_C_SOURCE -D_DARWIN_UNLIMITED_SELECT -D_REENTRANT   -g -O2 -fno-common -pipe conftest.c  -L. -L/Users/vanvu/.rvm/rubies/ruby-2.7.8/lib -L/opt/homebrew/opt/libyaml/lib -L/opt/homebrew/opt/libksba/lib -L/opt/homebrew/opt/readline/lib -L/opt/homebrew/opt/zlib/lib -L/opt/homebrew/opt/openssl@1.1/lib -L. -L/opt/homebrew/opt/zlib/lib -fstack-protector-strong -L/usr/local/lib -L/opt/homebrew/opt/libyaml/lib -L/opt/homebrew/opt/libksba/lib -L/opt/homebrew/opt/readline/lib -L/opt/homebrew/opt/zlib/lib -L/opt/homebrew/opt/openssl@1.1/lib -L/opt/homebrew/opt/libyaml/lib -L/opt/homebrew/opt/libksba/lib -L/opt/homebrew/opt/readline/lib -L/opt/homebrew/opt/zlib/lib -L/opt/homebrew/opt/openssl@1.1/lib  -m64   -lruby.2.7   "
Undefined symbols for architecture arm64:
  "_rb_enc_interned_str", referenced from:
      _t in conftest-c3e037.o
ld: symbol(s) not found for architecture arm64
clang: error: linker command failed with exit code 1 (use -v to see invocation)
checked program was:
/* begin */
 1: #include "ruby.h"
 2: 
 3: #include <ruby.h>
 4: 
 5: /*top*/
 6: extern int t(void);
 7: int main(int argc, char **argv)
 8: {
 9:   if (argc > 1000000) {
10:     int (* volatile tp)(void)=(int (*)(void))&t;
11:     printf("%d", (*tp)());
12:   }
13: 
14:   return !!argv[argc];
15: }
16: extern void rb_enc_interned_str();
17: int t(void) { rb_enc_interned_str(); return 0; }
/* end */

--------------------

have_library: checking for -lmysqlclient... -------------------- yes

"gcc -o conftest -I/Users/vanvu/.rvm/rubies/ruby-2.7.8/include/ruby-2.7.0/arm64-darwin21 -I/Users/vanvu/.rvm/rubies/ruby-2.7.8/include/ruby-2.7.0/ruby/backward -I/Users/vanvu/.rvm/rubies/ruby-2.7.8/include/ruby-2.7.0 -I. -I/opt/homebrew/opt/mysql-client@8.0/include -I/opt/homebrew/opt/zlib/include -I/opt/homebrew/opt/libyaml/include -I/opt/homebrew/opt/libksba/include -I/opt/homebrew/opt/readline/include -I/opt/homebrew/opt/zlib/include -I/opt/homebrew/opt/openssl@1.1/include -I/opt/homebrew/opt/libyaml/include -I/opt/homebrew/opt/libksba/include -I/opt/homebrew/opt/readline/include -I/opt/homebrew/opt/zlib/include -I/opt/homebrew/opt/openssl@1.1/include -D_XOPEN_SOURCE -D_DARWIN_C_SOURCE -D_DARWIN_UNLIMITED_SELECT -D_REENTRANT   -g -O2 -fno-common -pipe conftest.c  -L. -L/Users/vanvu/.rvm/rubies/ruby-2.7.8/lib -L/opt/homebrew/opt/mysql-client@8.0/lib -L/opt/homebrew/opt/openssl@1.1/lib -L/opt/homebrew/opt/libyaml/lib -L/opt/homebrew/opt/libksba/lib -L/opt/homebrew/opt/readline/lib -L/opt/homebrew/opt/zlib/lib -L. -L/opt/homebrew/opt/zlib/lib -fstack-protector-strong -L/usr/local/lib -L/opt/homebrew/opt/libyaml/lib -L/opt/homebrew/opt/libksba/lib -L/opt/homebrew/opt/readline/lib -L/opt/homebrew/opt/zlib/lib -L/opt/homebrew/opt/openssl@1.1/lib -L/opt/homebrew/opt/libyaml/lib -L/opt/homebrew/opt/libksba/lib -L/opt/homebrew/opt/readline/lib -L/opt/homebrew/opt/zlib/lib -L/opt/homebrew/opt/openssl@1.1/lib -L/opt/homebrew/opt/openssl@1.1/lib  -m64   -lruby.2.7 -lmysqlclient   "
checked program was:
/* begin */
 1: #include "ruby.h"
 2: 
 3: /*top*/
 4: extern int t(void);
 5: int main(int argc, char **argv)
 6: {
 7:   if (argc > 1000000) {
 8:     int (* volatile tp)(void)=(int (*)(void))&t;
 9:     printf("%d", (*tp)());
10:   }
11: 
12:   return !!argv[argc];
13: }
14: 
15: int t(void) { ; return 0; }
/* end */

--------------------

have_header: checking for mysql.h... -------------------- no

"gcc -E -I/Users/vanvu/.rvm/rubies/ruby-2.7.8/include/ruby-2.7.0/arm64-darwin21 -I/Users/vanvu/.rvm/rubies/ruby-2.7.8/include/ruby-2.7.0/ruby/backward -I/Users/vanvu/.rvm/rubies/ruby-2.7.8/include/ruby-2.7.0 -I. -I/opt/homebrew/opt/mysql-client@8.0/include -I/opt/homebrew/opt/zlib/include -I/opt/homebrew/opt/libyaml/include -I/opt/homebrew/opt/libksba/include -I/opt/homebrew/opt/readline/include -I/opt/homebrew/opt/zlib/include -I/opt/homebrew/opt/openssl@1.1/include -I/opt/homebrew/opt/libyaml/include -I/opt/homebrew/opt/libksba/include -I/opt/homebrew/opt/readline/include -I/opt/homebrew/opt/zlib/include -I/opt/homebrew/opt/openssl@1.1/include -D_XOPEN_SOURCE -D_DARWIN_C_SOURCE -D_DARWIN_UNLIMITED_SELECT -D_REENTRANT   -g -O2 -fno-common -pipe  conftest.c -o conftest.i"
conftest.c:3:10: fatal error: 'mysql.h' file not found
    3 | #include <mysql.h>
      |          ^~~~~~~~~
1 error generated.
checked program was:
/* begin */
1: #include "ruby.h"
2: 
3: #include <mysql.h>
/* end */

--------------------

have_header: checking for mysql/mysql.h... -------------------- yes

"gcc -E -I/Users/vanvu/.rvm/rubies/ruby-2.7.8/include/ruby-2.7.0/arm64-darwin21 -I/Users/vanvu/.rvm/rubies/ruby-2.7.8/include/ruby-2.7.0/ruby/backward -I/Users/vanvu/.rvm/rubies/ruby-2.7.8/include/ruby-2.7.0 -I. -I/opt/homebrew/opt/mysql-client@8.0/include -I/opt/homebrew/opt/zlib/include -I/opt/homebrew/opt/libyaml/include -I/opt/homebrew/opt/libksba/include -I/opt/homebrew/opt/readline/include -I/opt/homebrew/opt/zlib/include -I/opt/homebrew/opt/openssl@1.1/include -I/opt/homebrew/opt/libyaml/include -I/opt/homebrew/opt/libksba/include -I/opt/homebrew/opt/readline/include -I/opt/homebrew/opt/zlib/include -I/opt/homebrew/opt/openssl@1.1/include -D_XOPEN_SOURCE -D_DARWIN_C_SOURCE -D_DARWIN_UNLIMITED_SELECT -D_REENTRANT   -g -O2 -fno-common -pipe  conftest.c -o conftest.i"
checked program was:
/* begin */
1: #include "ruby.h"
2: 
3: #include <mysql/mysql.h>
/* end */

--------------------

have_header: checking for mysql/errmsg.h... -------------------- yes

"gcc -E -I/Users/vanvu/.rvm/rubies/ruby-2.7.8/include/ruby-2.7.0/arm64-darwin21 -I/Users/vanvu/.rvm/rubies/ruby-2.7.8/include/ruby-2.7.0/ruby/backward -I/Users/vanvu/.rvm/rubies/ruby-2.7.8/include/ruby-2.7.0 -I. -I/opt/homebrew/opt/mysql-client@8.0/include -I/opt/homebrew/opt/zlib/include -I/opt/homebrew/opt/libyaml/include -I/opt/homebrew/opt/libksba/include -I/opt/homebrew/opt/readline/include -I/opt/homebrew/opt/zlib/include -I/opt/homebrew/opt/openssl@1.1/include -I/opt/homebrew/opt/libyaml/include -I/opt/homebrew/opt/libksba/include -I/opt/homebrew/opt/readline/include -I/opt/homebrew/opt/zlib/include -I/opt/homebrew/opt/openssl@1.1/include -D_XOPEN_SOURCE -D_DARWIN_C_SOURCE -D_DARWIN_UNLIMITED_SELECT -D_REENTRANT   -g -O2 -fno-common -pipe  conftest.c -o conftest.i"
checked program was:
/* begin */
1: #include "ruby.h"
2: 
3: #include <mysql/errmsg.h>
/* end */

--------------------

have_const: checking for SSL_MODE_DISABLED in mysql/mysql.h... -------------------- yes

"gcc -I/Users/vanvu/.rvm/rubies/ruby-2.7.8/include/ruby-2.7.0/arm64-darwin21 -I/Users/vanvu/.rvm/rubies/ruby-2.7.8/include/ruby-2.7.0/ruby/backward -I/Users/vanvu/.rvm/rubies/ruby-2.7.8/include/ruby-2.7.0 -I. -I/opt/homebrew/opt/mysql-client@8.0/include -I/opt/homebrew/opt/zlib/include -I/opt/homebrew/opt/libyaml/include -I/opt/homebrew/opt/libksba/include -I/opt/homebrew/opt/readline/include -I/opt/homebrew/opt/zlib/include -I/opt/homebrew/opt/openssl@1.1/include -I/opt/homebrew/opt/libyaml/include -I/opt/homebrew/opt/libksba/include -I/opt/homebrew/opt/readline/include -I/opt/homebrew/opt/zlib/include -I/opt/homebrew/opt/openssl@1.1/include -D_XOPEN_SOURCE -D_DARWIN_C_SOURCE -D_DARWIN_UNLIMITED_SELECT -D_REENTRANT   -g -O2 -fno-common -pipe -m64  -c conftest.c"
checked program was:
/* begin */
1: #include "ruby.h"
2: 
3: #include <mysql/mysql.h>
4: 
5: /*top*/
6: typedef int conftest_type;
7: conftest_type conftestval = (int)SSL_MODE_DISABLED;
/* end */

--------------------

have_const: checking for SSL_MODE_PREFERRED in mysql/mysql.h... -------------------- yes

"gcc -I/Users/vanvu/.rvm/rubies/ruby-2.7.8/include/ruby-2.7.0/arm64-darwin21 -I/Users/vanvu/.rvm/rubies/ruby-2.7.8/include/ruby-2.7.0/ruby/backward -I/Users/vanvu/.rvm/rubies/ruby-2.7.8/include/ruby-2.7.0 -I. -I/opt/homebrew/opt/mysql-client@8.0/include -I/opt/homebrew/opt/zlib/include -I/opt/homebrew/opt/libyaml/include -I/opt/homebrew/opt/libksba/include -I/opt/homebrew/opt/readline/include -I/opt/homebrew/opt/zlib/include -I/opt/homebrew/opt/openssl@1.1/include -I/opt/homebrew/opt/libyaml/include -I/opt/homebrew/opt/libksba/include -I/opt/homebrew/opt/readline/include -I/opt/homebrew/opt/zlib/include -I/opt/homebrew/opt/openssl@1.1/include -D_XOPEN_SOURCE -D_DARWIN_C_SOURCE -D_DARWIN_UNLIMITED_SELECT -D_REENTRANT   -g -O2 -fno-common -pipe -m64  -c conftest.c"
checked program was:
/* begin */
1: #include "ruby.h"
2: 
3: #include <mysql/mysql.h>
4: 
5: /*top*/
6: typedef int conftest_type;
7: conftest_type conftestval = (int)SSL_MODE_PREFERRED;
/* end */

--------------------

have_const: checking for SSL_MODE_REQUIRED in mysql/mysql.h... -------------------- yes

"gcc -I/Users/vanvu/.rvm/rubies/ruby-2.7.8/include/ruby-2.7.0/arm64-darwin21 -I/Users/vanvu/.rvm/rubies/ruby-2.7.8/include/ruby-2.7.0/ruby/backward -I/Users/vanvu/.rvm/rubies/ruby-2.7.8/include/ruby-2.7.0 -I. -I/opt/homebrew/opt/mysql-client@8.0/include -I/opt/homebrew/opt/zlib/include -I/opt/homebrew/opt/libyaml/include -I/opt/homebrew/opt/libksba/include -I/opt/homebrew/opt/readline/include -I/opt/homebrew/opt/zlib/include -I/opt/homebrew/opt/openssl@1.1/include -I/opt/homebrew/opt/libyaml/include -I/opt/homebrew/opt/libksba/include -I/opt/homebrew/opt/readline/include -I/opt/homebrew/opt/zlib/include -I/opt/homebrew/opt/openssl@1.1/include -D_XOPEN_SOURCE -D_DARWIN_C_SOURCE -D_DARWIN_UNLIMITED_SELECT -D_REENTRANT   -g -O2 -fno-common -pipe -m64  -c conftest.c"
checked program was:
/* begin */
1: #include "ruby.h"
2: 
3: #include <mysql/mysql.h>
4: 
5: /*top*/
6: typedef int conftest_type;
7: conftest_type conftestval = (int)SSL_MODE_REQUIRED;
/* end */

--------------------

have_const: checking for SSL_MODE_VERIFY_CA in mysql/mysql.h... -------------------- yes

"gcc -I/Users/vanvu/.rvm/rubies/ruby-2.7.8/include/ruby-2.7.0/arm64-darwin21 -I/Users/vanvu/.rvm/rubies/ruby-2.7.8/include/ruby-2.7.0/ruby/backward -I/Users/vanvu/.rvm/rubies/ruby-2.7.8/include/ruby-2.7.0 -I. -I/opt/homebrew/opt/mysql-client@8.0/include -I/opt/homebrew/opt/zlib/include -I/opt/homebrew/opt/libyaml/include -I/opt/homebrew/opt/libksba/include -I/opt/homebrew/opt/readline/include -I/opt/homebrew/opt/zlib/include -I/opt/homebrew/opt/openssl@1.1/include -I/opt/homebrew/opt/libyaml/include -I/opt/homebrew/opt/libksba/include -I/opt/homebrew/opt/readline/include -I/opt/homebrew/opt/zlib/include -I/opt/homebrew/opt/openssl@1.1/include -D_XOPEN_SOURCE -D_DARWIN_C_SOURCE -D_DARWIN_UNLIMITED_SELECT -D_REENTRANT   -g -O2 -fno-common -pipe -m64  -c conftest.c"
checked program was:
/* begin */
1: #include "ruby.h"
2: 
3: #include <mysql/mysql.h>
4: 
5: /*top*/
6: typedef int conftest_type;
7: conftest_type conftestval = (int)SSL_MODE_VERIFY_CA;
/* end */

--------------------

have_const: checking for SSL_MODE_VERIFY_IDENTITY in mysql/mysql.h... -------------------- yes

"gcc -I/Users/vanvu/.rvm/rubies/ruby-2.7.8/include/ruby-2.7.0/arm64-darwin21 -I/Users/vanvu/.rvm/rubies/ruby-2.7.8/include/ruby-2.7.0/ruby/backward -I/Users/vanvu/.rvm/rubies/ruby-2.7.8/include/ruby-2.7.0 -I. -I/opt/homebrew/opt/mysql-client@8.0/include -I/opt/homebrew/opt/zlib/include -I/opt/homebrew/opt/libyaml/include -I/opt/homebrew/opt/libksba/include -I/opt/homebrew/opt/readline/include -I/opt/homebrew/opt/zlib/include -I/opt/homebrew/opt/openssl@1.1/include -I/opt/homebrew/opt/libyaml/include -I/opt/homebrew/opt/libksba/include -I/opt/homebrew/opt/readline/include -I/opt/homebrew/opt/zlib/include -I/opt/homebrew/opt/openssl@1.1/include -D_XOPEN_SOURCE -D_DARWIN_C_SOURCE -D_DARWIN_UNLIMITED_SELECT -D_REENTRANT   -g -O2 -fno-common -pipe -m64  -c conftest.c"
checked program was:
/* begin */
1: #include "ruby.h"
2: 
3: #include <mysql/mysql.h>
4: 
5: /*top*/
6: typedef int conftest_type;
7: conftest_type conftestval = (int)SSL_MODE_VERIFY_IDENTITY;
/* end */

--------------------

have_struct_member: checking for MYSQL.net.vio in mysql/mysql.h... -------------------- yes

"gcc -I/Users/vanvu/.rvm/rubies/ruby-2.7.8/include/ruby-2.7.0/arm64-darwin21 -I/Users/vanvu/.rvm/rubies/ruby-2.7.8/include/ruby-2.7.0/ruby/backward -I/Users/vanvu/.rvm/rubies/ruby-2.7.8/include/ruby-2.7.0 -I. -I/opt/homebrew/opt/mysql-client@8.0/include -I/opt/homebrew/opt/zlib/include -I/opt/homebrew/opt/libyaml/include -I/opt/homebrew/opt/libksba/include -I/opt/homebrew/opt/readline/include -I/opt/homebrew/opt/zlib/include -I/opt/homebrew/opt/openssl@1.1/include -I/opt/homebrew/opt/libyaml/include -I/opt/homebrew/opt/libksba/include -I/opt/homebrew/opt/readline/include -I/opt/homebrew/opt/zlib/include -I/opt/homebrew/opt/openssl@1.1/include -D_XOPEN_SOURCE -D_DARWIN_C_SOURCE -D_DARWIN_UNLIMITED_SELECT -D_REENTRANT   -g -O2 -fno-common -pipe -DFULL_SSL_MODE_SUPPORT -m64  -c conftest.c"
checked program was:
/* begin */
 1: #include "ruby.h"
 2: 
 3: #include <mysql/mysql.h>
 4: 
 5: /*top*/
 6: int s = (char *)&((MYSQL*)0)->net.vio - (char *)0;
 7: int main(int argc, char **argv)
 8: {
 9:   return !!argv[argc];
10: }
/* end */

--------------------

have_struct_member: checking for MYSQL.net.pvio in mysql/mysql.h... -------------------- no

"gcc -I/Users/vanvu/.rvm/rubies/ruby-2.7.8/include/ruby-2.7.0/arm64-darwin21 -I/Users/vanvu/.rvm/rubies/ruby-2.7.8/include/ruby-2.7.0/ruby/backward -I/Users/vanvu/.rvm/rubies/ruby-2.7.8/include/ruby-2.7.0 -I. -I/opt/homebrew/opt/mysql-client@8.0/include -I/opt/homebrew/opt/zlib/include -I/opt/homebrew/opt/libyaml/include -I/opt/homebrew/opt/libksba/include -I/opt/homebrew/opt/readline/include -I/opt/homebrew/opt/zlib/include -I/opt/homebrew/opt/openssl@1.1/include -I/opt/homebrew/opt/libyaml/include -I/opt/homebrew/opt/libksba/include -I/opt/homebrew/opt/readline/include -I/opt/homebrew/opt/zlib/include -I/opt/homebrew/opt/openssl@1.1/include -D_XOPEN_SOURCE -D_DARWIN_C_SOURCE -D_DARWIN_UNLIMITED_SELECT -D_REENTRANT   -g -O2 -fno-common -pipe -DFULL_SSL_MODE_SUPPORT -m64  -c conftest.c"
conftest.c:6:35: error: no member named 'pvio' in 'struct NET'; did you mean 'vio'?
    6 | int s = (char *)&((MYSQL*)0)->net.pvio - (char *)0;
      |                                   ^~~~
      |                                   vio
/opt/homebrew/opt/mysql-client@8.0/include/mysql/mysql_com.h:915:13: note: 'vio' declared here
  915 |   MYSQL_VIO vio;
      |             ^
1 error generated.
checked program was:
/* begin */
 1: #include "ruby.h"
 2: 
 3: #include <mysql/mysql.h>
 4: 
 5: /*top*/
 6: int s = (char *)&((MYSQL*)0)->net.pvio - (char *)0;
 7: int main(int argc, char **argv)
 8: {
 9:   return !!argv[argc];
10: }
/* end */

--------------------

have_const: checking for MYSQL_DEFAULT_AUTH in mysql/mysql.h... -------------------- yes

"gcc -I/Users/vanvu/.rvm/rubies/ruby-2.7.8/include/ruby-2.7.0/arm64-darwin21 -I/Users/vanvu/.rvm/rubies/ruby-2.7.8/include/ruby-2.7.0/ruby/backward -I/Users/vanvu/.rvm/rubies/ruby-2.7.8/include/ruby-2.7.0 -I. -I/opt/homebrew/opt/mysql-client@8.0/include -I/opt/homebrew/opt/zlib/include -I/opt/homebrew/opt/libyaml/include -I/opt/homebrew/opt/libksba/include -I/opt/homebrew/opt/readline/include -I/opt/homebrew/opt/zlib/include -I/opt/homebrew/opt/openssl@1.1/include -I/opt/homebrew/opt/libyaml/include -I/opt/homebrew/opt/libksba/include -I/opt/homebrew/opt/readline/include -I/opt/homebrew/opt/zlib/include -I/opt/homebrew/opt/openssl@1.1/include -D_XOPEN_SOURCE -D_DARWIN_C_SOURCE -D_DARWIN_UNLIMITED_SELECT -D_REENTRANT   -g -O2 -fno-common -pipe -DFULL_SSL_MODE_SUPPORT -m64  -c conftest.c"
checked program was:
/* begin */
1: #include "ruby.h"
2: 
3: #include <mysql/mysql.h>
4: 
5: /*top*/
6: typedef int conftest_type;
7: conftest_type conftestval = (int)MYSQL_DEFAULT_AUTH;
/* end */

--------------------

have_const: checking for MYSQL_ENABLE_CLEARTEXT_PLUGIN in mysql/mysql.h... -------------------- yes

"gcc -I/Users/vanvu/.rvm/rubies/ruby-2.7.8/include/ruby-2.7.0/arm64-darwin21 -I/Users/vanvu/.rvm/rubies/ruby-2.7.8/include/ruby-2.7.0/ruby/backward -I/Users/vanvu/.rvm/rubies/ruby-2.7.8/include/ruby-2.7.0 -I. -I/opt/homebrew/opt/mysql-client@8.0/include -I/opt/homebrew/opt/zlib/include -I/opt/homebrew/opt/libyaml/include -I/opt/homebrew/opt/libksba/include -I/opt/homebrew/opt/readline/include -I/opt/homebrew/opt/zlib/include -I/opt/homebrew/opt/openssl@1.1/include -I/opt/homebrew/opt/libyaml/include -I/opt/homebrew/opt/libksba/include -I/opt/homebrew/opt/readline/include -I/opt/homebrew/opt/zlib/include -I/opt/homebrew/opt/openssl@1.1/include -D_XOPEN_SOURCE -D_DARWIN_C_SOURCE -D_DARWIN_UNLIMITED_SELECT -D_REENTRANT   -g -O2 -fno-common -pipe -DFULL_SSL_MODE_SUPPORT -m64  -c conftest.c"
checked program was:
/* begin */
1: #include "ruby.h"
2: 
3: #include <mysql/mysql.h>
4: 
5: /*top*/
6: typedef int conftest_type;
7: conftest_type conftestval = (int)MYSQL_ENABLE_CLEARTEXT_PLUGIN;
/* end */

--------------------

have_const: checking for SERVER_QUERY_NO_GOOD_INDEX_USED in mysql/mysql.h... -------------------- yes

"gcc -I/Users/vanvu/.rvm/rubies/ruby-2.7.8/include/ruby-2.7.0/arm64-darwin21 -I/Users/vanvu/.rvm/rubies/ruby-2.7.8/include/ruby-2.7.0/ruby/backward -I/Users/vanvu/.rvm/rubies/ruby-2.7.8/include/ruby-2.7.0 -I. -I/opt/homebrew/opt/mysql-client@8.0/include -I/opt/homebrew/opt/zlib/include -I/opt/homebrew/opt/libyaml/include -I/opt/homebrew/opt/libksba/include -I/opt/homebrew/opt/readline/include -I/opt/homebrew/opt/zlib/include -I/opt/homebrew/opt/openssl@1.1/include -I/opt/homebrew/opt/libyaml/include -I/opt/homebrew/opt/libksba/include -I/opt/homebrew/opt/readline/include -I/opt/homebrew/opt/zlib/include -I/opt/homebrew/opt/openssl@1.1/include -D_XOPEN_SOURCE -D_DARWIN_C_SOURCE -D_DARWIN_UNLIMITED_SELECT -D_REENTRANT   -g -O2 -fno-common -pipe -DFULL_SSL_MODE_SUPPORT -m64  -c conftest.c"
checked program was:
/* begin */
1: #include "ruby.h"
2: 
3: #include <mysql/mysql.h>
4: 
5: /*top*/
6: typedef int conftest_type;
7: conftest_type conftestval = (int)SERVER_QUERY_NO_GOOD_INDEX_USED;
/* end */

--------------------

have_const: checking for SERVER_QUERY_NO_INDEX_USED in mysql/mysql.h... -------------------- yes

"gcc -I/Users/vanvu/.rvm/rubies/ruby-2.7.8/include/ruby-2.7.0/arm64-darwin21 -I/Users/vanvu/.rvm/rubies/ruby-2.7.8/include/ruby-2.7.0/ruby/backward -I/Users/vanvu/.rvm/rubies/ruby-2.7.8/include/ruby-2.7.0 -I. -I/opt/homebrew/opt/mysql-client@8.0/include -I/opt/homebrew/opt/zlib/include -I/opt/homebrew/opt/libyaml/include -I/opt/homebrew/opt/libksba/include -I/opt/homebrew/opt/readline/include -I/opt/homebrew/opt/zlib/include -I/opt/homebrew/opt/openssl@1.1/include -I/opt/homebrew/opt/libyaml/include -I/opt/homebrew/opt/libksba/include -I/opt/homebrew/opt/readline/include -I/opt/homebrew/opt/zlib/include -I/opt/homebrew/opt/openssl@1.1/include -D_XOPEN_SOURCE -D_DARWIN_C_SOURCE -D_DARWIN_UNLIMITED_SELECT -D_REENTRANT   -g -O2 -fno-common -pipe -DFULL_SSL_MODE_SUPPORT -m64  -c conftest.c"
checked program was:
/* begin */
1: #include "ruby.h"
2: 
3: #include <mysql/mysql.h>
4: 
5: /*top*/
6: typedef int conftest_type;
7: conftest_type conftestval = (int)SERVER_QUERY_NO_INDEX_USED;
/* end */

--------------------

have_const: checking for SERVER_QUERY_WAS_SLOW in mysql/mysql.h... -------------------- yes

"gcc -I/Users/vanvu/.rvm/rubies/ruby-2.7.8/include/ruby-2.7.0/arm64-darwin21 -I/Users/vanvu/.rvm/rubies/ruby-2.7.8/include/ruby-2.7.0/ruby/backward -I/Users/vanvu/.rvm/rubies/ruby-2.7.8/include/ruby-2.7.0 -I. -I/opt/homebrew/opt/mysql-client@8.0/include -I/opt/homebrew/opt/zlib/include -I/opt/homebrew/opt/libyaml/include -I/opt/homebrew/opt/libksba/include -I/opt/homebrew/opt/readline/include -I/opt/homebrew/opt/zlib/include -I/opt/homebrew/opt/openssl@1.1/include -I/opt/homebrew/opt/libyaml/include -I/opt/homebrew/opt/libksba/include -I/opt/homebrew/opt/readline/include -I/opt/homebrew/opt/zlib/include -I/opt/homebrew/opt/openssl@1.1/include -D_XOPEN_SOURCE -D_DARWIN_C_SOURCE -D_DARWIN_UNLIMITED_SELECT -D_REENTRANT   -g -O2 -fno-common -pipe -DFULL_SSL_MODE_SUPPORT -m64  -c conftest.c"
checked program was:
/* begin */
1: #include "ruby.h"
2: 
3: #include <mysql/mysql.h>
4: 
5: /*top*/
6: typedef int conftest_type;
7: conftest_type conftestval = (int)SERVER_QUERY_WAS_SLOW;
/* end */

--------------------

have_const: checking for MYSQL_OPTION_MULTI_STATEMENTS_ON in mysql/mysql.h... -------------------- yes

"gcc -I/Users/vanvu/.rvm/rubies/ruby-2.7.8/include/ruby-2.7.0/arm64-darwin21 -I/Users/vanvu/.rvm/rubies/ruby-2.7.8/include/ruby-2.7.0/ruby/backward -I/Users/vanvu/.rvm/rubies/ruby-2.7.8/include/ruby-2.7.0 -I. -I/opt/homebrew/opt/mysql-client@8.0/include -I/opt/homebrew/opt/zlib/include -I/opt/homebrew/opt/libyaml/include -I/opt/homebrew/opt/libksba/include -I/opt/homebrew/opt/readline/include -I/opt/homebrew/opt/zlib/include -I/opt/homebrew/opt/openssl@1.1/include -I/opt/homebrew/opt/libyaml/include -I/opt/homebrew/opt/libksba/include -I/opt/homebrew/opt/readline/include -I/opt/homebrew/opt/zlib/include -I/opt/homebrew/opt/openssl@1.1/include -D_XOPEN_SOURCE -D_DARWIN_C_SOURCE -D_DARWIN_UNLIMITED_SELECT -D_REENTRANT   -g -O2 -fno-common -pipe -DFULL_SSL_MODE_SUPPORT -m64  -c conftest.c"
checked program was:
/* begin */
1: #include "ruby.h"
2: 
3: #include <mysql/mysql.h>
4: 
5: /*top*/
6: typedef int conftest_type;
7: conftest_type conftestval = (int)MYSQL_OPTION_MULTI_STATEMENTS_ON;
/* end */

--------------------

have_const: checking for MYSQL_OPTION_MULTI_STATEMENTS_OFF in mysql/mysql.h... -------------------- yes

"gcc -I/Users/vanvu/.rvm/rubies/ruby-2.7.8/include/ruby-2.7.0/arm64-darwin21 -I/Users/vanvu/.rvm/rubies/ruby-2.7.8/include/ruby-2.7.0/ruby/backward -I/Users/vanvu/.rvm/rubies/ruby-2.7.8/include/ruby-2.7.0 -I. -I/opt/homebrew/opt/mysql-client@8.0/include -I/opt/homebrew/opt/zlib/include -I/opt/homebrew/opt/libyaml/include -I/opt/homebrew/opt/libksba/include -I/opt/homebrew/opt/readline/include -I/opt/homebrew/opt/zlib/include -I/opt/homebrew/opt/openssl@1.1/include -I/opt/homebrew/opt/libyaml/include -I/opt/homebrew/opt/libksba/include -I/opt/homebrew/opt/readline/include -I/opt/homebrew/opt/zlib/include -I/opt/homebrew/opt/openssl@1.1/include -D_XOPEN_SOURCE -D_DARWIN_C_SOURCE -D_DARWIN_UNLIMITED_SELECT -D_REENTRANT   -g -O2 -fno-common -pipe -DFULL_SSL_MODE_SUPPORT -m64  -c conftest.c"
checked program was:
/* begin */
1: #include "ruby.h"
2: 
3: #include <mysql/mysql.h>
4: 
5: /*top*/
6: typedef int conftest_type;
7: conftest_type conftestval = (int)MYSQL_OPTION_MULTI_STATEMENTS_OFF;
/* end */

--------------------

have_type: checking for my_bool in mysql/mysql.h... -------------------- no

"gcc -I/Users/vanvu/.rvm/rubies/ruby-2.7.8/include/ruby-2.7.0/arm64-darwin21 -I/Users/vanvu/.rvm/rubies/ruby-2.7.8/include/ruby-2.7.0/ruby/backward -I/Users/vanvu/.rvm/rubies/ruby-2.7.8/include/ruby-2.7.0 -I. -I/opt/homebrew/opt/mysql-client@8.0/include -I/opt/homebrew/opt/zlib/include -I/opt/homebrew/opt/libyaml/include -I/opt/homebrew/opt/libksba/include -I/opt/homebrew/opt/readline/include -I/opt/homebrew/opt/zlib/include -I/opt/homebrew/opt/openssl@1.1/include -I/opt/homebrew/opt/libyaml/include -I/opt/homebrew/opt/libksba/include -I/opt/homebrew/opt/readline/include -I/opt/homebrew/opt/zlib/include -I/opt/homebrew/opt/openssl@1.1/include -D_XOPEN_SOURCE -D_DARWIN_C_SOURCE -D_DARWIN_UNLIMITED_SELECT -D_REENTRANT   -g -O2 -fno-common -pipe -DFULL_SSL_MODE_SUPPORT -m64  -c conftest.c"
conftest.c:6:9: error: unknown type name 'my_bool'
    6 | typedef my_bool conftest_type;
      |         ^
1 error generated.
checked program was:
/* begin */
1: #include "ruby.h"
2: 
3: #include <mysql/mysql.h>
4: 
5: /*top*/
6: typedef my_bool conftest_type;
7: int conftestval[sizeof(conftest_type)?1:-1];
/* end */

--------------------

have_func: checking for mysql_ssl_set() in mysql/mysql.h... -------------------- yes

"gcc -o conftest -I/Users/vanvu/.rvm/rubies/ruby-2.7.8/include/ruby-2.7.0/arm64-darwin21 -I/Users/vanvu/.rvm/rubies/ruby-2.7.8/include/ruby-2.7.0/ruby/backward -I/Users/vanvu/.rvm/rubies/ruby-2.7.8/include/ruby-2.7.0 -I. -I/opt/homebrew/opt/mysql-client@8.0/include -I/opt/homebrew/opt/zlib/include -I/opt/homebrew/opt/libyaml/include -I/opt/homebrew/opt/libksba/include -I/opt/homebrew/opt/readline/include -I/opt/homebrew/opt/zlib/include -I/opt/homebrew/opt/openssl@1.1/include -I/opt/homebrew/opt/libyaml/include -I/opt/homebrew/opt/libksba/include -I/opt/homebrew/opt/readline/include -I/opt/homebrew/opt/zlib/include -I/opt/homebrew/opt/openssl@1.1/include -D_XOPEN_SOURCE -D_DARWIN_C_SOURCE -D_DARWIN_UNLIMITED_SELECT -D_REENTRANT   -g -O2 -fno-common -pipe -DFULL_SSL_MODE_SUPPORT conftest.c  -L. -L/Users/vanvu/.rvm/rubies/ruby-2.7.8/lib -L/opt/homebrew/opt/mysql-client@8.0/lib -L/opt/homebrew/opt/openssl@1.1/lib -L/opt/homebrew/opt/libyaml/lib -L/opt/homebrew/opt/libksba/lib -L/opt/homebrew/opt/readline/lib -L/opt/homebrew/opt/zlib/lib -L. -L/opt/homebrew/opt/zlib/lib -fstack-protector-strong -L/usr/local/lib -L/opt/homebrew/opt/libyaml/lib -L/opt/homebrew/opt/libksba/lib -L/opt/homebrew/opt/readline/lib -L/opt/homebrew/opt/zlib/lib -L/opt/homebrew/opt/openssl@1.1/lib -L/opt/homebrew/opt/libyaml/lib -L/opt/homebrew/opt/libksba/lib -L/opt/homebrew/opt/readline/lib -L/opt/homebrew/opt/zlib/lib -L/opt/homebrew/opt/openssl@1.1/lib -L/opt/homebrew/opt/openssl@1.1/lib  -m64  -lmysqlclient  -lruby.2.7 -lmysqlclient   "
ld: warning: ignoring duplicate libraries: '-lmysqlclient'
checked program was:
/* begin */
 1: #include "ruby.h"
 2: 
 3: #include <mysql/mysql.h>
 4: 
 5: /*top*/
 6: extern int t(void);
 7: int main(int argc, char **argv)
 8: {
 9:   if (argc > 1000000) {
10:     int (* volatile tp)(void)=(int (*)(void))&t;
11:     printf("%d", (*tp)());
12:   }
13: 
14:   return !!argv[argc];
15: }
16: int t(void) { void ((*volatile p)()); p = (void ((*)()))mysql_ssl_set; return !p; }
/* end */

--------------------

"gcc -o conftest -I/Users/vanvu/.rvm/rubies/ruby-2.7.8/include/ruby-2.7.0/arm64-darwin21 -I/Users/vanvu/.rvm/rubies/ruby-2.7.8/include/ruby-2.7.0/ruby/backward -I/Users/vanvu/.rvm/rubies/ruby-2.7.8/include/ruby-2.7.0 -I. -I/opt/homebrew/opt/mysql-client@8.0/include -I/opt/homebrew/opt/zlib/include -I/opt/homebrew/opt/libyaml/include -I/opt/homebrew/opt/libksba/include -I/opt/homebrew/opt/readline/include -I/opt/homebrew/opt/zlib/include -I/opt/homebrew/opt/openssl@1.1/include -I/opt/homebrew/opt/libyaml/include -I/opt/homebrew/opt/libksba/include -I/opt/homebrew/opt/readline/include -I/opt/homebrew/opt/zlib/include -I/opt/homebrew/opt/openssl@1.1/include -D_XOPEN_SOURCE -D_DARWIN_C_SOURCE -D_DARWIN_UNLIMITED_SELECT -D_REENTRANT   -g -O2 -fno-common -pipe -DFULL_SSL_MODE_SUPPORT conftest.c  -L. -L/Users/vanvu/.rvm/rubies/ruby-2.7.8/lib -L/opt/homebrew/opt/mysql-client@8.0/lib -L/opt/homebrew/opt/openssl@1.1/lib -L/opt/homebrew/opt/libyaml/lib -L/opt/homebrew/opt/libksba/lib -L/opt/homebrew/opt/readline/lib -L/opt/homebrew/opt/zlib/lib -L. -L/opt/homebrew/opt/zlib/lib -fstack-protector-strong -L/usr/local/lib -L/opt/homebrew/opt/libyaml/lib -L/opt/homebrew/opt/libksba/lib -L/opt/homebrew/opt/readline/lib -L/opt/homebrew/opt/zlib/lib -L/opt/homebrew/opt/openssl@1.1/lib -L/opt/homebrew/opt/libyaml/lib -L/opt/homebrew/opt/libksba/lib -L/opt/homebrew/opt/readline/lib -L/opt/homebrew/opt/zlib/lib -L/opt/homebrew/opt/openssl@1.1/lib -L/opt/homebrew/opt/openssl@1.1/lib  -m64  -lmysqlclient  -lruby.2.7 -Werror -Weverything  "
error: include location '/usr/local/include' is unsafe for cross-compilation [-Werror,-Wpoison-system-directories]
In file included from conftest.c:1:
In file included from /Users/vanvu/.rvm/rubies/ruby-2.7.8/include/ruby-2.7.0/ruby.h:33:
/Users/vanvu/.rvm/rubies/ruby-2.7.8/include/ruby-2.7.0/ruby/ruby.h:876:5: error: signed shift result (0x80000000) sets the sign bit of the shift expression's type ('int') and becomes negative [-Werror,-Wshift-sign-overflow]
  876 |     RUBY_FL_USER_N(19),
      |     ^~~~~~~~~~~~~~~~~~
/Users/vanvu/.rvm/rubies/ruby-2.7.8/include/ruby-2.7.0/ruby/ruby.h:855:47: note: expanded from macro 'RUBY_FL_USER_N'
  855 | #define RUBY_FL_USER_N(n) RUBY_FL_USER##n = (1<<(RUBY_FL_USHIFT+n))
      |                                              ~^ ~~~~~~~~~~~~~~~~~~
/Users/vanvu/.rvm/rubies/ruby-2.7.8/include/ruby-2.7.0/ruby/ruby.h:927:13: error: padding struct 'struct RObject::(unnamed at /Users/vanvu/.rvm/rubies/ruby-2.7.8/include/ruby-2.7.0/ruby/ruby.h:925:2)' with 4 bytes to align 'ivptr' [-Werror,-Wpadded]
  927 |             VALUE *ivptr;
      |                    ^
/Users/vanvu/.rvm/rubies/ruby-2.7.8/include/ruby-2.7.0/ruby/ruby.h:1386:9: error: disabled expansion of recursive macro [-Werror,-Wdisabled-macro-expansion]
 1386 |     if (RB_FL_ABLE(x)) {
      |         ^
/Users/vanvu/.rvm/rubies/ruby-2.7.8/include/ruby-2.7.0/ruby/ruby.h:1315:25: note: expanded from macro 'RB_FL_ABLE'
 1315 | #define RB_FL_ABLE(x) (!RB_SPECIAL_CONST_P(x) && RB_BUILTIN_TYPE(x) != RUBY_T_NODE)
      |                         ^
/Users/vanvu/.rvm/rubies/ruby-2.7.8/include/ruby-2.7.0/ruby/ruby.h:1312:54: note: expanded from macro 'RB_SPECIAL_CONST_P'
 1312 | #define RB_SPECIAL_CONST_P(x) (RB_IMMEDIATE_P(x) || !RB_TEST(x))
      |                                                      ^
/Users/vanvu/.rvm/rubies/ruby-2.7.8/include/ruby-2.7.0/ruby/ruby.h:479:44: note: expanded from macro 'RB_TEST'
  479 | #define RB_TEST(v) !(((VALUE)(v) & (VALUE)~RUBY_Qnil) == 0)
      |                                            ^
/Users/vanvu/.rvm/rubies/ruby-2.7.8/include/ruby-2.7.0/ruby/ruby.h:465:29: note: expanded from macro 'RUBY_Qnil'
  465 | #define RUBY_Qnil   ((VALUE)RUBY_Qnil)
      |                             ^
/Users/vanvu/.rvm/rubies/ruby-2.7.8/include/ruby-2.7.0/ruby/ruby.h:1540:10: error: disabled expansion of recursive macro [-Werror,-Wdisabled-macro-expansion]
 1540 |     if (!RB_SPECIAL_CONST_P(b)) {
      |          ^
/Users/vanvu/.rvm/rubies/ruby-2.7.8/include/ruby-2.7.0/ruby/ruby.h:1312:54: note: expanded from macro 'RB_SPECIAL_CONST_P'
 1312 | #define RB_SPECIAL_CONST_P(x) (RB_IMMEDIATE_P(x) || !RB_TEST(x))
      |                                                      ^
/Users/vanvu/.rvm/rubies/ruby-2.7.8/include/ruby-2.7.0/ruby/ruby.h:479:44: note: expanded from macro 'RB_TEST'
  479 | #define RB_TEST(v) !(((VALUE)(v) & (VALUE)~RUBY_Qnil) == 0)
      |                                            ^
/Users/vanvu/.rvm/rubies/ruby-2.7.8/include/ruby-2.7.0/ruby/ruby.h:465:29: note: expanded from macro 'RUBY_Qnil'
  465 | #define RUBY_Qnil   ((VALUE)RUBY_Qnil)
      |                             ^
/Users/vanvu/.rvm/rubies/ruby-2.7.8/include/ruby-2.7.0/ruby/ruby.h:1558:23: error: disabled expansion of recursive macro [-Werror,-Wdisabled-macro-expansion]
 1558 |     rb_obj_written(a, RUBY_Qundef /* ignore `oldv' now */, b, filename, line);
      |                       ^
/Users/vanvu/.rvm/rubies/ruby-2.7.8/include/ruby-2.7.0/ruby/ruby.h:466:29: note: expanded from macro 'RUBY_Qundef'
  466 | #define RUBY_Qundef ((VALUE)RUBY_Qundef)        /* undefined value for placeholder */
      |                             ^
/Users/vanvu/.rvm/rubies/ruby-2.7.8/include/ruby-2.7.0/ruby/ruby.h:1558:63: error: 'filename' was marked unused but was used [-Werror,-Wused-but-marked-unused]
 1558 |     rb_obj_written(a, RUBY_Qundef /* ignore `oldv' now */, b, filename, line);
      |                                                               ^
/Users/vanvu/.rvm/rubies/ruby-2.7.8/include/ruby-2.7.0/ruby/ruby.h:1558:73: error: 'line' was marked unused but was used [-Werror,-Wused-but-marked-unused]
 1558 |     rb_obj_written(a, RUBY_Qundef /* ignore `oldv' now */, b, filename, line);
      |                                                                         ^
/Users/vanvu/.rvm/rubies/ruby-2.7.8/include/ruby-2.7.0/ruby/ruby.h:1635:9: error: disabled expansion of recursive macro [-Werror,-Wdisabled-macro-expansion]
 1635 |     if (RB_TYPE_P(x, RUBY_T_STRING) && (RSTRING_LEN(x)>=1))
      |         ^
/Users/vanvu/.rvm/rubies/ruby-2.7.8/include/ruby-2.7.0/ruby/ruby.h:562:38: note: expanded from macro 'RB_TYPE_P'
  562 |         ((type) == RUBY_T_TRUE) ? ((obj) == RUBY_Qtrue) : \
      |                                             ^
/Users/vanvu/.rvm/rubies/ruby-2.7.8/include/ruby-2.7.0/ruby/ruby.h:464:29: note: expanded from macro 'RUBY_Qtrue'
  464 | #define RUBY_Qtrue  ((VALUE)RUBY_Qtrue)
      |                             ^
/Users/vanvu/.rvm/rubies/ruby-2.7.8/include/ruby-2.7.0/ruby/ruby.h:1635:9: error: disabled expansion of recursive macro [-Werror,-Wdisabled-macro-expansion]
/Users/vanvu/.rvm/rubies/ruby-2.7.8/include/ruby-2.7.0/ruby/ruby.h:563:39: note: expanded from macro 'RB_TYPE_P'
  563 |         ((type) == RUBY_T_FALSE) ? ((obj) == RUBY_Qfalse) : \
      |                                              ^
/Users/vanvu/.rvm/rubies/ruby-2.7.8/include/ruby-2.7.0/ruby/ruby.h:463:29: note: expanded from macro 'RUBY_Qfalse'
  463 | #define RUBY_Qfalse ((VALUE)RUBY_Qfalse)
      |                             ^
/Users/vanvu/.rvm/rubies/ruby-2.7.8/include/ruby-2.7.0/ruby/ruby.h:1635:9: error: disabled expansion of recursive macro [-Werror,-Wdisabled-macro-expansion]
/Users/vanvu/.rvm/rubies/ruby-2.7.8/include/ruby-2.7.0/ruby/ruby.h:564:37: note: expanded from macro 'RB_TYPE_P'
  564 |         ((type) == RUBY_T_NIL) ? ((obj) == RUBY_Qnil) : \
      |                                            ^
/Users/vanvu/.rvm/rubies/ruby-2.7.8/include/ruby-2.7.0/ruby/ruby.h:465:29: note: expanded from macro 'RUBY_Qnil'
  465 | #define RUBY_Qnil   ((VALUE)RUBY_Qnil)
      |                             ^
/Users/vanvu/.rvm/rubies/ruby-2.7.8/include/ruby-2.7.0/ruby/ruby.h:1635:9: error: disabled expansion of recursive macro [-Werror,-Wdisabled-macro-expansion]
/Users/vanvu/.rvm/rubies/ruby-2.7.8/include/ruby-2.7.0/ruby/ruby.h:565:39: note: expanded from macro 'RB_TYPE_P'
  565 |         ((type) == RUBY_T_UNDEF) ? ((obj) == RUBY_Qundef) : \
      |                                              ^
/Users/vanvu/.rvm/rubies/ruby-2.7.8/include/ruby-2.7.0/ruby/ruby.h:466:29: note: expanded from macro 'RUBY_Qundef'
  466 | #define RUBY_Qundef ((VALUE)RUBY_Qundef)        /* undefined value for placeholder */
      |                             ^
/Users/vanvu/.rvm/rubies/ruby-2.7.8/include/ruby-2.7.0/ruby/ruby.h:1635:9: error: disabled expansion of recursive macro [-Werror,-Wdisabled-macro-expansion]
/Users/vanvu/.rvm/rubies/ruby-2.7.8/include/ruby-2.7.0/ruby/ruby.h:566:30: note: expanded from macro 'RB_TYPE_P'
  566 |         ((type) == RUBY_T_SYMBOL) ? RB_SYMBOL_P(obj) : \
      |                                     ^
/Users/vanvu/.rvm/rubies/ruby-2.7.8/include/ruby-2.7.0/ruby/ruby.h:408:45: note: expanded from macro 'RB_SYMBOL_P'
  408 | #define RB_SYMBOL_P(x) (RB_STATIC_SYM_P(x)||RB_DYNAMIC_SYM_P(x))
      |                                             ^
/Users/vanvu/.rvm/rubies/ruby-2.7.8/include/ruby-2.7.0/ruby/ruby.h:407:31: note: expanded from macro 'RB_DYNAMIC_SYM_P'
  407 | #define RB_DYNAMIC_SYM_P(x) (!RB_SPECIAL_CONST_P(x) && RB_BUILTIN_TYPE(x) == (RUBY_T_SYMBOL))
      |                               ^
/Users/vanvu/.rvm/rubies/ruby-2.7.8/include/ruby-2.7.0/ruby/ruby.h:1312:54: note: expanded from macro 'RB_SPECIAL_CONST_P'
 1312 | #define RB_SPECIAL_CONST_P(x) (RB_IMMEDIATE_P(x) || !RB_TEST(x))
      |                                                      ^
/Users/vanvu/.rvm/rubies/ruby-2.7.8/include/ruby-2.7.0/ruby/ruby.h:479:44: note: expanded from macro 'RB_TEST'
  479 | #define RB_TEST(v) !(((VALUE)(v) & (VALUE)~RUBY_Qnil) == 0)
      |                                            ^
/Users/vanvu/.rvm/rubies/ruby-2.7.8/include/ruby-2.7.0/ruby/ruby.h:465:29: note: expanded from macro 'RUBY_Qnil'
  465 | #define RUBY_Qnil   ((VALUE)RUBY_Qnil)
      |                             ^
/Users/vanvu/.rvm/rubies/ruby-2.7.8/include/ruby-2.7.0/ruby/ruby.h:1635:9: error: disabled expansion of recursive macro [-Werror,-Wdisabled-macro-expansion]
/Users/vanvu/.rvm/rubies/ruby-2.7.8/include/ruby-2.7.0/ruby/ruby.h:567:29: note: expanded from macro 'RB_TYPE_P'
  567 |         ((type) == RUBY_T_FLOAT) ? RB_FLOAT_TYPE_P(obj) : \
      |                                    ^
/Users/vanvu/.rvm/rubies/ruby-2.7.8/include/ruby-2.7.0/ruby/ruby.h:558:4: note: expanded from macro 'RB_FLOAT_TYPE_P'
  558 |         (!RB_SPECIAL_CONST_P(obj) && RB_BUILTIN_TYPE(obj) == RUBY_T_FLOAT))
      |           ^
/Users/vanvu/.rvm/rubies/ruby-2.7.8/include/ruby-2.7.0/ruby/ruby.h:1312:54: note: expanded from macro 'RB_SPECIAL_CONST_P'
 1312 | #define RB_SPECIAL_CONST_P(x) (RB_IMMEDIATE_P(x) || !RB_TEST(x))
      |                                                      ^
/Users/vanvu/.rvm/rubies/ruby-2.7.8/include/ruby-2.7.0/ruby/ruby.h:479:44: note: expanded from macro 'RB_TEST'
  479 | #define RB_TEST(v) !(((VALUE)(v) & (VALUE)~RUBY_Qnil) == 0)
      |                                            ^
/Users/vanvu/.rvm/rubies/ruby-2.7.8/include/ruby-2.7.0/ruby/ruby.h:465:29: note: expanded from macro 'RUBY_Qnil'
  465 | #define RUBY_Qnil   ((VALUE)RUBY_Qnil)
      |                             ^
/Users/vanvu/.rvm/rubies/ruby-2.7.8/include/ruby-2.7.0/ruby/ruby.h:1635:9: error: disabled expansion of recursive macro [-Werror,-Wdisabled-macro-expansion]
/Users/vanvu/.rvm/rubies/ruby-2.7.8/include/ruby-2.7.0/ruby/ruby.h:568:4: note: expanded from macro 'RB_TYPE_P'
  568 |         (!RB_SPECIAL_CONST_P(obj) && RB_BUILTIN_TYPE(obj) == (type)))
      |           ^
/Users/vanvu/.rvm/rubies/ruby-2.7.8/include/ruby-2.7.0/ruby/ruby.h:1312:54: note: expanded from macro 'RB_SPECIAL_CONST_P'
 1312 | #define RB_SPECIAL_CONST_P(x) (RB_IMMEDIATE_P(x) || !RB_TEST(x))
      |                                                      ^
/Users/vanvu/.rvm/rubies/ruby-2.7.8/include/ruby-2.7.0/ruby/ruby.h:479:44: note: expanded from macro 'RB_TEST'
  479 | #define RB_TEST(v) !(((VALUE)(v) & (VALUE)~RUBY_Qnil) == 0)
      |                                            ^
/Users/vanvu/.rvm/rubies/ruby-2.7.8/include/ruby-2.7.0/ruby/ruby.h:465:29: note: expanded from macro 'RUBY_Qnil'
  465 | #define RUBY_Qnil   ((VALUE)RUBY_Qnil)
      |                             ^
/Users/vanvu/.rvm/rubies/ruby-2.7.8/include/ruby-2.7.0/ruby/ruby.h:1807:49: error: a function declaration without a prototype is deprecated in all versions of C [-Werror,-Wstrict-prototypes]
 1807 | void rb_define_method(VALUE,const char*,VALUE(*)(ANYARGS),int);
      |                                                 ^       
      |                                                         void
/Users/vanvu/.rvm/rubies/ruby-2.7.8/include/ruby-2.7.0/ruby/ruby.h:1808:58: error: a function declaration without a prototype is deprecated in all versions of C [-Werror,-Wstrict-prototypes]
 1808 | void rb_define_module_function(VALUE,const char*,VALUE(*)(ANYARGS),int);
      |                                                          ^       
      |                                                                  void
/Users/vanvu/.rvm/rubies/ruby-2.7.8/include/ruby-2.7.0/ruby/ruby.h:1809:52: error: a function declaration without a prototype is deprecated in all versions of C [-Werror,-Wstrict-prototypes]
 1809 | void rb_define_global_function(const char*,VALUE(*)(ANYARGS),int);
      |                                                    ^       
      |                                                            void
/Users/vanvu/.rvm/rubies/ruby-2.7.8/include/ruby-2.7.0/ruby/ruby.h:2100:13: error: disabled expansion of recursive macro [-Werror,-Wdisabled-macro-expansion]
 2100 |         if (obj == RUBY_Qtrue)  return rb_cTrueClass;
      |                    ^
/Users/vanvu/.rvm/rubies/ruby-2.7.8/include/ruby-2.7.0/ruby/ruby.h:464:29: note: expanded from macro 'RUBY_Qtrue'
  464 | #define RUBY_Qtrue  ((VALUE)RUBY_Qtrue)
      |                             ^
fatal error: too many errors emitted, stopping now [-ferror-limit=]
20 errors generated.
checked program was:
/* begin */
1: #include "ruby.h"
2: 
3: int main() {return 0;}
/* end */

"gcc -o conftest -I/Users/vanvu/.rvm/rubies/ruby-2.7.8/include/ruby-2.7.0/arm64-darwin21 -I/Users/vanvu/.rvm/rubies/ruby-2.7.8/include/ruby-2.7.0/ruby/backward -I/Users/vanvu/.rvm/rubies/ruby-2.7.8/include/ruby-2.7.0 -I. -I/opt/homebrew/opt/mysql-client@8.0/include -I/opt/homebrew/opt/zlib/include -I/opt/homebrew/opt/libyaml/include -I/opt/homebrew/opt/libksba/include -I/opt/homebrew/opt/readline/include -I/opt/homebrew/opt/zlib/include -I/opt/homebrew/opt/openssl@1.1/include -I/opt/homebrew/opt/libyaml/include -I/opt/homebrew/opt/libksba/include -I/opt/homebrew/opt/readline/include -I/opt/homebrew/opt/zlib/include -I/opt/homebrew/opt/openssl@1.1/include -D_XOPEN_SOURCE -D_DARWIN_C_SOURCE -D_DARWIN_UNLIMITED_SELECT -D_REENTRANT   -g -O2 -fno-common -pipe -DFULL_SSL_MODE_SUPPORT conftest.c  -L. -L/Users/vanvu/.rvm/rubies/ruby-2.7.8/lib -L/opt/homebrew/opt/mysql-client@8.0/lib -L/opt/homebrew/opt/openssl@1.1/lib -L/opt/homebrew/opt/libyaml/lib -L/opt/homebrew/opt/libksba/lib -L/opt/homebrew/opt/readline/lib -L/opt/homebrew/opt/zlib/lib -L. -L/opt/homebrew/opt/zlib/lib -fstack-protector-strong -L/usr/local/lib -L/opt/homebrew/opt/libyaml/lib -L/opt/homebrew/opt/libksba/lib -L/opt/homebrew/opt/readline/lib -L/opt/homebrew/opt/zlib/lib -L/opt/homebrew/opt/openssl@1.1/lib -L/opt/homebrew/opt/libyaml/lib -L/opt/homebrew/opt/libksba/lib -L/opt/homebrew/opt/readline/lib -L/opt/homebrew/opt/zlib/lib -L/opt/homebrew/opt/openssl@1.1/lib -L/opt/homebrew/opt/openssl@1.1/lib  -m64  -lmysqlclient  -lruby.2.7 -Werror -Wno-compound-token-split-by-macro  "
checked program was:
/* begin */
1: #include "ruby.h"
2: 
3: int main() {return 0;}
/* end */

"gcc -o conftest -I/Users/vanvu/.rvm/rubies/ruby-2.7.8/include/ruby-2.7.0/arm64-darwin21 -I/Users/vanvu/.rvm/rubies/ruby-2.7.8/include/ruby-2.7.0/ruby/backward -I/Users/vanvu/.rvm/rubies/ruby-2.7.8/include/ruby-2.7.0 -I. -I/opt/homebrew/opt/mysql-client@8.0/include -I/opt/homebrew/opt/zlib/include -I/opt/homebrew/opt/libyaml/include -I/opt/homebrew/opt/libksba/include -I/opt/homebrew/opt/readline/include -I/opt/homebrew/opt/zlib/include -I/opt/homebrew/opt/openssl@1.1/include -I/opt/homebrew/opt/libyaml/include -I/opt/homebrew/opt/libksba/include -I/opt/homebrew/opt/readline/include -I/opt/homebrew/opt/zlib/include -I/opt/homebrew/opt/openssl@1.1/include -D_XOPEN_SOURCE -D_DARWIN_C_SOURCE -D_DARWIN_UNLIMITED_SELECT -D_REENTRANT   -g -O2 -fno-common -pipe -DFULL_SSL_MODE_SUPPORT conftest.c  -L. -L/Users/vanvu/.rvm/rubies/ruby-2.7.8/lib -L/opt/homebrew/opt/mysql-client@8.0/lib -L/opt/homebrew/opt/openssl@1.1/lib -L/opt/homebrew/opt/libyaml/lib -L/opt/homebrew/opt/libksba/lib -L/opt/homebrew/opt/readline/lib -L/opt/homebrew/opt/zlib/lib -L. -L/opt/homebrew/opt/zlib/lib -fstack-protector-strong -L/usr/local/lib -L/opt/homebrew/opt/libyaml/lib -L/opt/homebrew/opt/libksba/lib -L/opt/homebrew/opt/readline/lib -L/opt/homebrew/opt/zlib/lib -L/opt/homebrew/opt/openssl@1.1/lib -L/opt/homebrew/opt/libyaml/lib -L/opt/homebrew/opt/libksba/lib -L/opt/homebrew/opt/readline/lib -L/opt/homebrew/opt/zlib/lib -L/opt/homebrew/opt/openssl@1.1/lib -L/opt/homebrew/opt/openssl@1.1/lib  -m64  -lmysqlclient  -lruby.2.7 -Werror -Wno-bad-function-cast  "
checked program was:
/* begin */
1: #include "ruby.h"
2: 
3: int main() {return 0;}
/* end */

"gcc -o conftest -I/Users/vanvu/.rvm/rubies/ruby-2.7.8/include/ruby-2.7.0/arm64-darwin21 -I/Users/vanvu/.rvm/rubies/ruby-2.7.8/include/ruby-2.7.0/ruby/backward -I/Users/vanvu/.rvm/rubies/ruby-2.7.8/include/ruby-2.7.0 -I. -I/opt/homebrew/opt/mysql-client@8.0/include -I/opt/homebrew/opt/zlib/include -I/opt/homebrew/opt/libyaml/include -I/opt/homebrew/opt/libksba/include -I/opt/homebrew/opt/readline/include -I/opt/homebrew/opt/zlib/include -I/opt/homebrew/opt/openssl@1.1/include -I/opt/homebrew/opt/libyaml/include -I/opt/homebrew/opt/libksba/include -I/opt/homebrew/opt/readline/include -I/opt/homebrew/opt/zlib/include -I/opt/homebrew/opt/openssl@1.1/include -D_XOPEN_SOURCE -D_DARWIN_C_SOURCE -D_DARWIN_UNLIMITED_SELECT -D_REENTRANT   -g -O2 -fno-common -pipe -DFULL_SSL_MODE_SUPPORT conftest.c  -L. -L/Users/vanvu/.rvm/rubies/ruby-2.7.8/lib -L/opt/homebrew/opt/mysql-client@8.0/lib -L/opt/homebrew/opt/openssl@1.1/lib -L/opt/homebrew/opt/libyaml/lib -L/opt/homebrew/opt/libksba/lib -L/opt/homebrew/opt/readline/lib -L/opt/homebrew/opt/zlib/lib -L. -L/opt/homebrew/opt/zlib/lib -fstack-protector-strong -L/usr/local/lib -L/opt/homebrew/opt/libyaml/lib -L/opt/homebrew/opt/libksba/lib -L/opt/homebrew/opt/readline/lib -L/opt/homebrew/opt/zlib/lib -L/opt/homebrew/opt/openssl@1.1/lib -L/opt/homebrew/opt/libyaml/lib -L/opt/homebrew/opt/libksba/lib -L/opt/homebrew/opt/readline/lib -L/opt/homebrew/opt/zlib/lib -L/opt/homebrew/opt/openssl@1.1/lib -L/opt/homebrew/opt/openssl@1.1/lib  -m64  -lmysqlclient  -lruby.2.7 -Werror -Wno-conditional-uninitialized  "
checked program was:
/* begin */
1: #include "ruby.h"
2: 
3: int main() {return 0;}
/* end */

"gcc -o conftest -I/Users/vanvu/.rvm/rubies/ruby-2.7.8/include/ruby-2.7.0/arm64-darwin21 -I/Users/vanvu/.rvm/rubies/ruby-2.7.8/include/ruby-2.7.0/ruby/backward -I/Users/vanvu/.rvm/rubies/ruby-2.7.8/include/ruby-2.7.0 -I. -I/opt/homebrew/opt/mysql-client@8.0/include -I/opt/homebrew/opt/zlib/include -I/opt/homebrew/opt/libyaml/include -I/opt/homebrew/opt/libksba/include -I/opt/homebrew/opt/readline/include -I/opt/homebrew/opt/zlib/include -I/opt/homebrew/opt/openssl@1.1/include -I/opt/homebrew/opt/libyaml/include -I/opt/homebrew/opt/libksba/include -I/opt/homebrew/opt/readline/include -I/opt/homebrew/opt/zlib/include -I/opt/homebrew/opt/openssl@1.1/include -D_XOPEN_SOURCE -D_DARWIN_C_SOURCE -D_DARWIN_UNLIMITED_SELECT -D_REENTRANT   -g -O2 -fno-common -pipe -DFULL_SSL_MODE_SUPPORT conftest.c  -L. -L/Users/vanvu/.rvm/rubies/ruby-2.7.8/lib -L/opt/homebrew/opt/mysql-client@8.0/lib -L/opt/homebrew/opt/openssl@1.1/lib -L/opt/homebrew/opt/libyaml/lib -L/opt/homebrew/opt/libksba/lib -L/opt/homebrew/opt/readline/lib -L/opt/homebrew/opt/zlib/lib -L. -L/opt/homebrew/opt/zlib/lib -fstack-protector-strong -L/usr/local/lib -L/opt/homebrew/opt/libyaml/lib -L/opt/homebrew/opt/libksba/lib -L/opt/homebrew/opt/readline/lib -L/opt/homebrew/opt/zlib/lib -L/opt/homebrew/opt/openssl@1.1/lib -L/opt/homebrew/opt/libyaml/lib -L/opt/homebrew/opt/libksba/lib -L/opt/homebrew/opt/readline/lib -L/opt/homebrew/opt/zlib/lib -L/opt/homebrew/opt/openssl@1.1/lib -L/opt/homebrew/opt/openssl@1.1/lib  -m64  -lmysqlclient  -lruby.2.7 -Werror -Wno-covered-switch-default  "
checked program was:
/* begin */
1: #include "ruby.h"
2: 
3: int main() {return 0;}
/* end */

"gcc -o conftest -I/Users/vanvu/.rvm/rubies/ruby-2.7.8/include/ruby-2.7.0/arm64-darwin21 -I/Users/vanvu/.rvm/rubies/ruby-2.7.8/include/ruby-2.7.0/ruby/backward -I/Users/vanvu/.rvm/rubies/ruby-2.7.8/include/ruby-2.7.0 -I. -I/opt/homebrew/opt/mysql-client@8.0/include -I/opt/homebrew/opt/zlib/include -I/opt/homebrew/opt/libyaml/include -I/opt/homebrew/opt/libksba/include -I/opt/homebrew/opt/readline/include -I/opt/homebrew/opt/zlib/include -I/opt/homebrew/opt/openssl@1.1/include -I/opt/homebrew/opt/libyaml/include -I/opt/homebrew/opt/libksba/include -I/opt/homebrew/opt/readline/include -I/opt/homebrew/opt/zlib/include -I/opt/homebrew/opt/openssl@1.1/include -D_XOPEN_SOURCE -D_DARWIN_C_SOURCE -D_DARWIN_UNLIMITED_SELECT -D_REENTRANT   -g -O2 -fno-common -pipe -DFULL_SSL_MODE_SUPPORT conftest.c  -L. -L/Users/vanvu/.rvm/rubies/ruby-2.7.8/lib -L/opt/homebrew/opt/mysql-client@8.0/lib -L/opt/homebrew/opt/openssl@1.1/lib -L/opt/homebrew/opt/libyaml/lib -L/opt/homebrew/opt/libksba/lib -L/opt/homebrew/opt/readline/lib -L/opt/homebrew/opt/zlib/lib -L. -L/opt/homebrew/opt/zlib/lib -fstack-protector-strong -L/usr/local/lib -L/opt/homebrew/opt/libyaml/lib -L/opt/homebrew/opt/libksba/lib -L/opt/homebrew/opt/readline/lib -L/opt/homebrew/opt/zlib/lib -L/opt/homebrew/opt/openssl@1.1/lib -L/opt/homebrew/opt/libyaml/lib -L/opt/homebrew/opt/libksba/lib -L/opt/homebrew/opt/readline/lib -L/opt/homebrew/opt/zlib/lib -L/opt/homebrew/opt/openssl@1.1/lib -L/opt/homebrew/opt/openssl@1.1/lib  -m64  -lmysqlclient  -lruby.2.7 -Werror -Wno-declaration-after-statement  "
checked program was:
/* begin */
1: #include "ruby.h"
2: 
3: int main() {return 0;}
/* end */

"gcc -o conftest -I/Users/vanvu/.rvm/rubies/ruby-2.7.8/include/ruby-2.7.0/arm64-darwin21 -I/Users/vanvu/.rvm/rubies/ruby-2.7.8/include/ruby-2.7.0/ruby/backward -I/Users/vanvu/.rvm/rubies/ruby-2.7.8/include/ruby-2.7.0 -I. -I/opt/homebrew/opt/mysql-client@8.0/include -I/opt/homebrew/opt/zlib/include -I/opt/homebrew/opt/libyaml/include -I/opt/homebrew/opt/libksba/include -I/opt/homebrew/opt/readline/include -I/opt/homebrew/opt/zlib/include -I/opt/homebrew/opt/openssl@1.1/include -I/opt/homebrew/opt/libyaml/include -I/opt/homebrew/opt/libksba/include -I/opt/homebrew/opt/readline/include -I/opt/homebrew/opt/zlib/include -I/opt/homebrew/opt/openssl@1.1/include -D_XOPEN_SOURCE -D_DARWIN_C_SOURCE -D_DARWIN_UNLIMITED_SELECT -D_REENTRANT   -g -O2 -fno-common -pipe -DFULL_SSL_MODE_SUPPORT conftest.c  -L. -L/Users/vanvu/.rvm/rubies/ruby-2.7.8/lib -L/opt/homebrew/opt/mysql-client@8.0/lib -L/opt/homebrew/opt/openssl@1.1/lib -L/opt/homebrew/opt/libyaml/lib -L/opt/homebrew/opt/libksba/lib -L/opt/homebrew/opt/readline/lib -L/opt/homebrew/opt/zlib/lib -L. -L/opt/homebrew/opt/zlib/lib -fstack-protector-strong -L/usr/local/lib -L/opt/homebrew/opt/libyaml/lib -L/opt/homebrew/opt/libksba/lib -L/opt/homebrew/opt/readline/lib -L/opt/homebrew/opt/zlib/lib -L/opt/homebrew/opt/openssl@1.1/lib -L/opt/homebrew/opt/libyaml/lib -L/opt/homebrew/opt/libksba/lib -L/opt/homebrew/opt/readline/lib -L/opt/homebrew/opt/zlib/lib -L/opt/homebrew/opt/openssl@1.1/lib -L/opt/homebrew/opt/openssl@1.1/lib  -m64  -lmysqlclient  -lruby.2.7 -Werror -Wno-disabled-macro-expansion  "
checked program was:
/* begin */
1: #include "ruby.h"
2: 
3: int main() {return 0;}
/* end */

"gcc -o conftest -I/Users/vanvu/.rvm/rubies/ruby-2.7.8/include/ruby-2.7.0/arm64-darwin21 -I/Users/vanvu/.rvm/rubies/ruby-2.7.8/include/ruby-2.7.0/ruby/backward -I/Users/vanvu/.rvm/rubies/ruby-2.7.8/include/ruby-2.7.0 -I. -I/opt/homebrew/opt/mysql-client@8.0/include -I/opt/homebrew/opt/zlib/include -I/opt/homebrew/opt/libyaml/include -I/opt/homebrew/opt/libksba/include -I/opt/homebrew/opt/readline/include -I/opt/homebrew/opt/zlib/include -I/opt/homebrew/opt/openssl@1.1/include -I/opt/homebrew/opt/libyaml/include -I/opt/homebrew/opt/libksba/include -I/opt/homebrew/opt/readline/include -I/opt/homebrew/opt/zlib/include -I/opt/homebrew/opt/openssl@1.1/include -D_XOPEN_SOURCE -D_DARWIN_C_SOURCE -D_DARWIN_UNLIMITED_SELECT -D_REENTRANT   -g -O2 -fno-common -pipe -DFULL_SSL_MODE_SUPPORT conftest.c  -L. -L/Users/vanvu/.rvm/rubies/ruby-2.7.8/lib -L/opt/homebrew/opt/mysql-client@8.0/lib -L/opt/homebrew/opt/openssl@1.1/lib -L/opt/homebrew/opt/libyaml/lib -L/opt/homebrew/opt/libksba/lib -L/opt/homebrew/opt/readline/lib -L/opt/homebrew/opt/zlib/lib -L. -L/opt/homebrew/opt/zlib/lib -fstack-protector-strong -L/usr/local/lib -L/opt/homebrew/opt/libyaml/lib -L/opt/homebrew/opt/libksba/lib -L/opt/homebrew/opt/readline/lib -L/opt/homebrew/opt/zlib/lib -L/opt/homebrew/opt/openssl@1.1/lib -L/opt/homebrew/opt/libyaml/lib -L/opt/homebrew/opt/libksba/lib -L/opt/homebrew/opt/readline/lib -L/opt/homebrew/opt/zlib/lib -L/opt/homebrew/opt/openssl@1.1/lib -L/opt/homebrew/opt/openssl@1.1/lib  -m64  -lmysqlclient  -lruby.2.7 -Werror -Wno-documentation-unknown-command  "
checked program was:
/* begin */
1: #include "ruby.h"
2: 
3: int main() {return 0;}
/* end */

"gcc -o conftest -I/Users/vanvu/.rvm/rubies/ruby-2.7.8/include/ruby-2.7.0/arm64-darwin21 -I/Users/vanvu/.rvm/rubies/ruby-2.7.8/include/ruby-2.7.0/ruby/backward -I/Users/vanvu/.rvm/rubies/ruby-2.7.8/include/ruby-2.7.0 -I. -I/opt/homebrew/opt/mysql-client@8.0/include -I/opt/homebrew/opt/zlib/include -I/opt/homebrew/opt/libyaml/include -I/opt/homebrew/opt/libksba/include -I/opt/homebrew/opt/readline/include -I/opt/homebrew/opt/zlib/include -I/opt/homebrew/opt/openssl@1.1/include -I/opt/homebrew/opt/libyaml/include -I/opt/homebrew/opt/libksba/include -I/opt/homebrew/opt/readline/include -I/opt/homebrew/opt/zlib/include -I/opt/homebrew/opt/openssl@1.1/include -D_XOPEN_SOURCE -D_DARWIN_C_SOURCE -D_DARWIN_UNLIMITED_SELECT -D_REENTRANT   -g -O2 -fno-common -pipe -DFULL_SSL_MODE_SUPPORT conftest.c  -L. -L/Users/vanvu/.rvm/rubies/ruby-2.7.8/lib -L/opt/homebrew/opt/mysql-client@8.0/lib -L/opt/homebrew/opt/openssl@1.1/lib -L/opt/homebrew/opt/libyaml/lib -L/opt/homebrew/opt/libksba/lib -L/opt/homebrew/opt/readline/lib -L/opt/homebrew/opt/zlib/lib -L. -L/opt/homebrew/opt/zlib/lib -fstack-protector-strong -L/usr/local/lib -L/opt/homebrew/opt/libyaml/lib -L/opt/homebrew/opt/libksba/lib -L/opt/homebrew/opt/readline/lib -L/opt/homebrew/opt/zlib/lib -L/opt/homebrew/opt/openssl@1.1/lib -L/opt/homebrew/opt/libyaml/lib -L/opt/homebrew/opt/libksba/lib -L/opt/homebrew/opt/readline/lib -L/opt/homebrew/opt/zlib/lib -L/opt/homebrew/opt/openssl@1.1/lib -L/opt/homebrew/opt/openssl@1.1/lib  -m64  -lmysqlclient  -lruby.2.7 -Werror -Wno-missing-field-initializers  "
checked program was:
/* begin */
1: #include "ruby.h"
2: 
3: int main() {return 0;}
/* end */

"gcc -o conftest -I/Users/vanvu/.rvm/rubies/ruby-2.7.8/include/ruby-2.7.0/arm64-darwin21 -I/Users/vanvu/.rvm/rubies/ruby-2.7.8/include/ruby-2.7.0/ruby/backward -I/Users/vanvu/.rvm/rubies/ruby-2.7.8/include/ruby-2.7.0 -I. -I/opt/homebrew/opt/mysql-client@8.0/include -I/opt/homebrew/opt/zlib/include -I/opt/homebrew/opt/libyaml/include -I/opt/homebrew/opt/libksba/include -I/opt/homebrew/opt/readline/include -I/opt/homebrew/opt/zlib/include -I/opt/homebrew/opt/openssl@1.1/include -I/opt/homebrew/opt/libyaml/include -I/opt/homebrew/opt/libksba/include -I/opt/homebrew/opt/readline/include -I/opt/homebrew/opt/zlib/include -I/opt/homebrew/opt/openssl@1.1/include -D_XOPEN_SOURCE -D_DARWIN_C_SOURCE -D_DARWIN_UNLIMITED_SELECT -D_REENTRANT   -g -O2 -fno-common -pipe -DFULL_SSL_MODE_SUPPORT conftest.c  -L. -L/Users/vanvu/.rvm/rubies/ruby-2.7.8/lib -L/opt/homebrew/opt/mysql-client@8.0/lib -L/opt/homebrew/opt/openssl@1.1/lib -L/opt/homebrew/opt/libyaml/lib -L/opt/homebrew/opt/libksba/lib -L/opt/homebrew/opt/readline/lib -L/opt/homebrew/opt/zlib/lib -L. -L/opt/homebrew/opt/zlib/lib -fstack-protector-strong -L/usr/local/lib -L/opt/homebrew/opt/libyaml/lib -L/opt/homebrew/opt/libksba/lib -L/opt/homebrew/opt/readline/lib -L/opt/homebrew/opt/zlib/lib -L/opt/homebrew/opt/openssl@1.1/lib -L/opt/homebrew/opt/libyaml/lib -L/opt/homebrew/opt/libksba/lib -L/opt/homebrew/opt/readline/lib -L/opt/homebrew/opt/zlib/lib -L/opt/homebrew/opt/openssl@1.1/lib -L/opt/homebrew/opt/openssl@1.1/lib  -m64  -lmysqlclient  -lruby.2.7 -Werror -Wno-missing-variable-declarations  "
checked program was:
/* begin */
1: #include "ruby.h"
2: 
3: int main() {return 0;}
/* end */

"gcc -o conftest -I/Users/vanvu/.rvm/rubies/ruby-2.7.8/include/ruby-2.7.0/arm64-darwin21 -I/Users/vanvu/.rvm/rubies/ruby-2.7.8/include/ruby-2.7.0/ruby/backward -I/Users/vanvu/.rvm/rubies/ruby-2.7.8/include/ruby-2.7.0 -I. -I/opt/homebrew/opt/mysql-client@8.0/include -I/opt/homebrew/opt/zlib/include -I/opt/homebrew/opt/libyaml/include -I/opt/homebrew/opt/libksba/include -I/opt/homebrew/opt/readline/include -I/opt/homebrew/opt/zlib/include -I/opt/homebrew/opt/openssl@1.1/include -I/opt/homebrew/opt/libyaml/include -I/opt/homebrew/opt/libksba/include -I/opt/homebrew/opt/readline/include -I/opt/homebrew/opt/zlib/include -I/opt/homebrew/opt/openssl@1.1/include -D_XOPEN_SOURCE -D_DARWIN_C_SOURCE -D_DARWIN_UNLIMITED_SELECT -D_REENTRANT   -g -O2 -fno-common -pipe -DFULL_SSL_MODE_SUPPORT conftest.c  -L. -L/Users/vanvu/.rvm/rubies/ruby-2.7.8/lib -L/opt/homebrew/opt/mysql-client@8.0/lib -L/opt/homebrew/opt/openssl@1.1/lib -L/opt/homebrew/opt/libyaml/lib -L/opt/homebrew/opt/libksba/lib -L/opt/homebrew/opt/readline/lib -L/opt/homebrew/opt/zlib/lib -L. -L/opt/homebrew/opt/zlib/lib -fstack-protector-strong -L/usr/local/lib -L/opt/homebrew/opt/libyaml/lib -L/opt/homebrew/opt/libksba/lib -L/opt/homebrew/opt/readline/lib -L/opt/homebrew/opt/zlib/lib -L/opt/homebrew/opt/openssl@1.1/lib -L/opt/homebrew/opt/libyaml/lib -L/opt/homebrew/opt/libksba/lib -L/opt/homebrew/opt/readline/lib -L/opt/homebrew/opt/zlib/lib -L/opt/homebrew/opt/openssl@1.1/lib -L/opt/homebrew/opt/openssl@1.1/lib  -m64  -lmysqlclient  -lruby.2.7 -Werror -Wno-padded  "
checked program was:
/* begin */
1: #include "ruby.h"
2: 
3: int main() {return 0;}
/* end */

"gcc -o conftest -I/Users/vanvu/.rvm/rubies/ruby-2.7.8/include/ruby-2.7.0/arm64-darwin21 -I/Users/vanvu/.rvm/rubies/ruby-2.7.8/include/ruby-2.7.0/ruby/backward -I/Users/vanvu/.rvm/rubies/ruby-2.7.8/include/ruby-2.7.0 -I. -I/opt/homebrew/opt/mysql-client@8.0/include -I/opt/homebrew/opt/zlib/include -I/opt/homebrew/opt/libyaml/include -I/opt/homebrew/opt/libksba/include -I/opt/homebrew/opt/readline/include -I/opt/homebrew/opt/zlib/include -I/opt/homebrew/opt/openssl@1.1/include -I/opt/homebrew/opt/libyaml/include -I/opt/homebrew/opt/libksba/include -I/opt/homebrew/opt/readline/include -I/opt/homebrew/opt/zlib/include -I/opt/homebrew/opt/openssl@1.1/include -D_XOPEN_SOURCE -D_DARWIN_C_SOURCE -D_DARWIN_UNLIMITED_SELECT -D_REENTRANT   -g -O2 -fno-common -pipe -DFULL_SSL_MODE_SUPPORT conftest.c  -L. -L/Users/vanvu/.rvm/rubies/ruby-2.7.8/lib -L/opt/homebrew/opt/mysql-client@8.0/lib -L/opt/homebrew/opt/openssl@1.1/lib -L/opt/homebrew/opt/libyaml/lib -L/opt/homebrew/opt/libksba/lib -L/opt/homebrew/opt/readline/lib -L/opt/homebrew/opt/zlib/lib -L. -L/opt/homebrew/opt/zlib/lib -fstack-protector-strong -L/usr/local/lib -L/opt/homebrew/opt/libyaml/lib -L/opt/homebrew/opt/libksba/lib -L/opt/homebrew/opt/readline/lib -L/opt/homebrew/opt/zlib/lib -L/opt/homebrew/opt/openssl@1.1/lib -L/opt/homebrew/opt/libyaml/lib -L/opt/homebrew/opt/libksba/lib -L/opt/homebrew/opt/readline/lib -L/opt/homebrew/opt/zlib/lib -L/opt/homebrew/opt/openssl@1.1/lib -L/opt/homebrew/opt/openssl@1.1/lib  -m64  -lmysqlclient  -lruby.2.7 -Werror -Wno-reserved-id-macro  "
checked program was:
/* begin */
1: #include "ruby.h"
2: 
3: int main() {return 0;}
/* end */

"gcc -o conftest -I/Users/vanvu/.rvm/rubies/ruby-2.7.8/include/ruby-2.7.0/arm64-darwin21 -I/Users/vanvu/.rvm/rubies/ruby-2.7.8/include/ruby-2.7.0/ruby/backward -I/Users/vanvu/.rvm/rubies/ruby-2.7.8/include/ruby-2.7.0 -I. -I/opt/homebrew/opt/mysql-client@8.0/include -I/opt/homebrew/opt/zlib/include -I/opt/homebrew/opt/libyaml/include -I/opt/homebrew/opt/libksba/include -I/opt/homebrew/opt/readline/include -I/opt/homebrew/opt/zlib/include -I/opt/homebrew/opt/openssl@1.1/include -I/opt/homebrew/opt/libyaml/include -I/opt/homebrew/opt/libksba/include -I/opt/homebrew/opt/readline/include -I/opt/homebrew/opt/zlib/include -I/opt/homebrew/opt/openssl@1.1/include -D_XOPEN_SOURCE -D_DARWIN_C_SOURCE -D_DARWIN_UNLIMITED_SELECT -D_REENTRANT   -g -O2 -fno-common -pipe -DFULL_SSL_MODE_SUPPORT conftest.c  -L. -L/Users/vanvu/.rvm/rubies/ruby-2.7.8/lib -L/opt/homebrew/opt/mysql-client@8.0/lib -L/opt/homebrew/opt/openssl@1.1/lib -L/opt/homebrew/opt/libyaml/lib -L/opt/homebrew/opt/libksba/lib -L/opt/homebrew/opt/readline/lib -L/opt/homebrew/opt/zlib/lib -L. -L/opt/homebrew/opt/zlib/lib -fstack-protector-strong -L/usr/local/lib -L/opt/homebrew/opt/libyaml/lib -L/opt/homebrew/opt/libksba/lib -L/opt/homebrew/opt/readline/lib -L/opt/homebrew/opt/zlib/lib -L/opt/homebrew/opt/openssl@1.1/lib -L/opt/homebrew/opt/libyaml/lib -L/opt/homebrew/opt/libksba/lib -L/opt/homebrew/opt/readline/lib -L/opt/homebrew/opt/zlib/lib -L/opt/homebrew/opt/openssl@1.1/lib -L/opt/homebrew/opt/openssl@1.1/lib  -m64  -lmysqlclient  -lruby.2.7 -Werror -Wno-sign-conversion  "
checked program was:
/* begin */
1: #include "ruby.h"
2: 
3: int main() {return 0;}
/* end */

"gcc -o conftest -I/Users/vanvu/.rvm/rubies/ruby-2.7.8/include/ruby-2.7.0/arm64-darwin21 -I/Users/vanvu/.rvm/rubies/ruby-2.7.8/include/ruby-2.7.0/ruby/backward -I/Users/vanvu/.rvm/rubies/ruby-2.7.8/include/ruby-2.7.0 -I. -I/opt/homebrew/opt/mysql-client@8.0/include -I/opt/homebrew/opt/zlib/include -I/opt/homebrew/opt/libyaml/include -I/opt/homebrew/opt/libksba/include -I/opt/homebrew/opt/readline/include -I/opt/homebrew/opt/zlib/include -I/opt/homebrew/opt/openssl@1.1/include -I/opt/homebrew/opt/libyaml/include -I/opt/homebrew/opt/libksba/include -I/opt/homebrew/opt/readline/include -I/opt/homebrew/opt/zlib/include -I/opt/homebrew/opt/openssl@1.1/include -D_XOPEN_SOURCE -D_DARWIN_C_SOURCE -D_DARWIN_UNLIMITED_SELECT -D_REENTRANT   -g -O2 -fno-common -pipe -DFULL_SSL_MODE_SUPPORT conftest.c  -L. -L/Users/vanvu/.rvm/rubies/ruby-2.7.8/lib -L/opt/homebrew/opt/mysql-client@8.0/lib -L/opt/homebrew/opt/openssl@1.1/lib -L/opt/homebrew/opt/libyaml/lib -L/opt/homebrew/opt/libksba/lib -L/opt/homebrew/opt/readline/lib -L/opt/homebrew/opt/zlib/lib -L. -L/opt/homebrew/opt/zlib/lib -fstack-protector-strong -L/usr/local/lib -L/opt/homebrew/opt/libyaml/lib -L/opt/homebrew/opt/libksba/lib -L/opt/homebrew/opt/readline/lib -L/opt/homebrew/opt/zlib/lib -L/opt/homebrew/opt/openssl@1.1/lib -L/opt/homebrew/opt/libyaml/lib -L/opt/homebrew/opt/libksba/lib -L/opt/homebrew/opt/readline/lib -L/opt/homebrew/opt/zlib/lib -L/opt/homebrew/opt/openssl@1.1/lib -L/opt/homebrew/opt/openssl@1.1/lib  -m64  -lmysqlclient  -lruby.2.7 -Werror -Wno-static-in-inline  "
checked program was:
/* begin */
1: #include "ruby.h"
2: 
3: int main() {return 0;}
/* end */

"gcc -o conftest -I/Users/vanvu/.rvm/rubies/ruby-2.7.8/include/ruby-2.7.0/arm64-darwin21 -I/Users/vanvu/.rvm/rubies/ruby-2.7.8/include/ruby-2.7.0/ruby/backward -I/Users/vanvu/.rvm/rubies/ruby-2.7.8/include/ruby-2.7.0 -I. -I/opt/homebrew/opt/mysql-client@8.0/include -I/opt/homebrew/opt/zlib/include -I/opt/homebrew/opt/libyaml/include -I/opt/homebrew/opt/libksba/include -I/opt/homebrew/opt/readline/include -I/opt/homebrew/opt/zlib/include -I/opt/homebrew/opt/openssl@1.1/include -I/opt/homebrew/opt/libyaml/include -I/opt/homebrew/opt/libksba/include -I/opt/homebrew/opt/readline/include -I/opt/homebrew/opt/zlib/include -I/opt/homebrew/opt/openssl@1.1/include -D_XOPEN_SOURCE -D_DARWIN_C_SOURCE -D_DARWIN_UNLIMITED_SELECT -D_REENTRANT   -g -O2 -fno-common -pipe -DFULL_SSL_MODE_SUPPORT conftest.c  -L. -L/Users/vanvu/.rvm/rubies/ruby-2.7.8/lib -L/opt/homebrew/opt/mysql-client@8.0/lib -L/opt/homebrew/opt/openssl@1.1/lib -L/opt/homebrew/opt/libyaml/lib -L/opt/homebrew/opt/libksba/lib -L/opt/homebrew/opt/readline/lib -L/opt/homebrew/opt/zlib/lib -L. -L/opt/homebrew/opt/zlib/lib -fstack-protector-strong -L/usr/local/lib -L/opt/homebrew/opt/libyaml/lib -L/opt/homebrew/opt/libksba/lib -L/opt/homebrew/opt/readline/lib -L/opt/homebrew/opt/zlib/lib -L/opt/homebrew/opt/openssl@1.1/lib -L/opt/homebrew/opt/libyaml/lib -L/opt/homebrew/opt/libksba/lib -L/opt/homebrew/opt/readline/lib -L/opt/homebrew/opt/zlib/lib -L/opt/homebrew/opt/openssl@1.1/lib -L/opt/homebrew/opt/openssl@1.1/lib  -m64  -lmysqlclient  -lruby.2.7 -Werror -Wno-switch-enum  "
checked program was:
/* begin */
1: #include "ruby.h"
2: 
3: int main() {return 0;}
/* end */

"gcc -o conftest -I/Users/vanvu/.rvm/rubies/ruby-2.7.8/include/ruby-2.7.0/arm64-darwin21 -I/Users/vanvu/.rvm/rubies/ruby-2.7.8/include/ruby-2.7.0/ruby/backward -I/Users/vanvu/.rvm/rubies/ruby-2.7.8/include/ruby-2.7.0 -I. -I/opt/homebrew/opt/mysql-client@8.0/include -I/opt/homebrew/opt/zlib/include -I/opt/homebrew/opt/libyaml/include -I/opt/homebrew/opt/libksba/include -I/opt/homebrew/opt/readline/include -I/opt/homebrew/opt/zlib/include -I/opt/homebrew/opt/openssl@1.1/include -I/opt/homebrew/opt/libyaml/include -I/opt/homebrew/opt/libksba/include -I/opt/homebrew/opt/readline/include -I/opt/homebrew/opt/zlib/include -I/opt/homebrew/opt/openssl@1.1/include -D_XOPEN_SOURCE -D_DARWIN_C_SOURCE -D_DARWIN_UNLIMITED_SELECT -D_REENTRANT   -g -O2 -fno-common -pipe -DFULL_SSL_MODE_SUPPORT conftest.c  -L. -L/Users/vanvu/.rvm/rubies/ruby-2.7.8/lib -L/opt/homebrew/opt/mysql-client@8.0/lib -L/opt/homebrew/opt/openssl@1.1/lib -L/opt/homebrew/opt/libyaml/lib -L/opt/homebrew/opt/libksba/lib -L/opt/homebrew/opt/readline/lib -L/opt/homebrew/opt/zlib/lib -L. -L/opt/homebrew/opt/zlib/lib -fstack-protector-strong -L/usr/local/lib -L/opt/homebrew/opt/libyaml/lib -L/opt/homebrew/opt/libksba/lib -L/opt/homebrew/opt/readline/lib -L/opt/homebrew/opt/zlib/lib -L/opt/homebrew/opt/openssl@1.1/lib -L/opt/homebrew/opt/libyaml/lib -L/opt/homebrew/opt/libksba/lib -L/opt/homebrew/opt/readline/lib -L/opt/homebrew/opt/zlib/lib -L/opt/homebrew/opt/openssl@1.1/lib -L/opt/homebrew/opt/openssl@1.1/lib  -m64  -lmysqlclient  -lruby.2.7 -Werror -Wno-undef  "
checked program was:
/* begin */
1: #include "ruby.h"
2: 
3: int main() {return 0;}
/* end */

"gcc -o conftest -I/Users/vanvu/.rvm/rubies/ruby-2.7.8/include/ruby-2.7.0/arm64-darwin21 -I/Users/vanvu/.rvm/rubies/ruby-2.7.8/include/ruby-2.7.0/ruby/backward -I/Users/vanvu/.rvm/rubies/ruby-2.7.8/include/ruby-2.7.0 -I. -I/opt/homebrew/opt/mysql-client@8.0/include -I/opt/homebrew/opt/zlib/include -I/opt/homebrew/opt/libyaml/include -I/opt/homebrew/opt/libksba/include -I/opt/homebrew/opt/readline/include -I/opt/homebrew/opt/zlib/include -I/opt/homebrew/opt/openssl@1.1/include -I/opt/homebrew/opt/libyaml/include -I/opt/homebrew/opt/libksba/include -I/opt/homebrew/opt/readline/include -I/opt/homebrew/opt/zlib/include -I/opt/homebrew/opt/openssl@1.1/include -D_XOPEN_SOURCE -D_DARWIN_C_SOURCE -D_DARWIN_UNLIMITED_SELECT -D_REENTRANT   -g -O2 -fno-common -pipe -DFULL_SSL_MODE_SUPPORT conftest.c  -L. -L/Users/vanvu/.rvm/rubies/ruby-2.7.8/lib -L/opt/homebrew/opt/mysql-client@8.0/lib -L/opt/homebrew/opt/openssl@1.1/lib -L/opt/homebrew/opt/libyaml/lib -L/opt/homebrew/opt/libksba/lib -L/opt/homebrew/opt/readline/lib -L/opt/homebrew/opt/zlib/lib -L. -L/opt/homebrew/opt/zlib/lib -fstack-protector-strong -L/usr/local/lib -L/opt/homebrew/opt/libyaml/lib -L/opt/homebrew/opt/libksba/lib -L/opt/homebrew/opt/readline/lib -L/opt/homebrew/opt/zlib/lib -L/opt/homebrew/opt/openssl@1.1/lib -L/opt/homebrew/opt/libyaml/lib -L/opt/homebrew/opt/libksba/lib -L/opt/homebrew/opt/readline/lib -L/opt/homebrew/opt/zlib/lib -L/opt/homebrew/opt/openssl@1.1/lib -L/opt/homebrew/opt/openssl@1.1/lib  -m64  -lmysqlclient  -lruby.2.7 -Werror -Wno-unreachable-code  "
checked program was:
/* begin */
1: #include "ruby.h"
2: 
3: int main() {return 0;}
/* end */

"gcc -o conftest -I/Users/vanvu/.rvm/rubies/ruby-2.7.8/include/ruby-2.7.0/arm64-darwin21 -I/Users/vanvu/.rvm/rubies/ruby-2.7.8/include/ruby-2.7.0/ruby/backward -I/Users/vanvu/.rvm/rubies/ruby-2.7.8/include/ruby-2.7.0 -I. -I/opt/homebrew/opt/mysql-client@8.0/include -I/opt/homebrew/opt/zlib/include -I/opt/homebrew/opt/libyaml/include -I/opt/homebrew/opt/libksba/include -I/opt/homebrew/opt/readline/include -I/opt/homebrew/opt/zlib/include -I/opt/homebrew/opt/openssl@1.1/include -I/opt/homebrew/opt/libyaml/include -I/opt/homebrew/opt/libksba/include -I/opt/homebrew/opt/readline/include -I/opt/homebrew/opt/zlib/include -I/opt/homebrew/opt/openssl@1.1/include -D_XOPEN_SOURCE -D_DARWIN_C_SOURCE -D_DARWIN_UNLIMITED_SELECT -D_REENTRANT   -g -O2 -fno-common -pipe -DFULL_SSL_MODE_SUPPORT conftest.c  -L. -L/Users/vanvu/.rvm/rubies/ruby-2.7.8/lib -L/opt/homebrew/opt/mysql-client@8.0/lib -L/opt/homebrew/opt/openssl@1.1/lib -L/opt/homebrew/opt/libyaml/lib -L/opt/homebrew/opt/libksba/lib -L/opt/homebrew/opt/readline/lib -L/opt/homebrew/opt/zlib/lib -L. -L/opt/homebrew/opt/zlib/lib -fstack-protector-strong -L/usr/local/lib -L/opt/homebrew/opt/libyaml/lib -L/opt/homebrew/opt/libksba/lib -L/opt/homebrew/opt/readline/lib -L/opt/homebrew/opt/zlib/lib -L/opt/homebrew/opt/openssl@1.1/lib -L/opt/homebrew/opt/libyaml/lib -L/opt/homebrew/opt/libksba/lib -L/opt/homebrew/opt/readline/lib -L/opt/homebrew/opt/zlib/lib -L/opt/homebrew/opt/openssl@1.1/lib -L/opt/homebrew/opt/openssl@1.1/lib  -m64  -lmysqlclient  -lruby.2.7 -Werror -Wno-used-but-marked-unused  "
checked program was:
/* begin */
1: #include "ruby.h"
2: 
3: int main() {return 0;}
/* end */

"gcc -o conftest -I/Users/vanvu/.rvm/rubies/ruby-2.7.8/include/ruby-2.7.0/arm64-darwin21 -I/Users/vanvu/.rvm/rubies/ruby-2.7.8/include/ruby-2.7.0/ruby/backward -I/Users/vanvu/.rvm/rubies/ruby-2.7.8/include/ruby-2.7.0 -I. -I/opt/homebrew/opt/mysql-client@8.0/include -I/opt/homebrew/opt/zlib/include -I/opt/homebrew/opt/libyaml/include -I/opt/homebrew/opt/libksba/include -I/opt/homebrew/opt/readline/include -I/opt/homebrew/opt/zlib/include -I/opt/homebrew/opt/openssl@1.1/include -I/opt/homebrew/opt/libyaml/include -I/opt/homebrew/opt/libksba/include -I/opt/homebrew/opt/readline/include -I/opt/homebrew/opt/zlib/include -I/opt/homebrew/opt/openssl@1.1/include -D_XOPEN_SOURCE -D_DARWIN_C_SOURCE -D_DARWIN_UNLIMITED_SELECT -D_REENTRANT   -g -O2 -fno-common -pipe -DFULL_SSL_MODE_SUPPORT -Wno-compound-token-split-by-macro -Wno-bad-function-cast -Wno-conditional-uninitialized -Wno-covered-switch-default -Wno-declaration-after-statement -Wno-disabled-macro-expansion -Wno-documentation-unknown-command -Wno-missing-field-initializers -Wno-missing-variable-declarations -Wno-padded -Wno-reserved-id-macro -Wno-sign-conversion -Wno-static-in-inline -Wno-switch-enum -Wno-undef -Wno-unreachable-code -Wno-used-but-marked-unused conftest.c  -L. -L/Users/vanvu/.rvm/rubies/ruby-2.7.8/lib -L/opt/homebrew/opt/mysql-client@8.0/lib -L/opt/homebrew/opt/openssl@1.1/lib -L/opt/homebrew/opt/libyaml/lib -L/opt/homebrew/opt/libksba/lib -L/opt/homebrew/opt/readline/lib -L/opt/homebrew/opt/zlib/lib -L. -L/opt/homebrew/opt/zlib/lib -fstack-protector-strong -L/usr/local/lib -L/opt/homebrew/opt/libyaml/lib -L/opt/homebrew/opt/libksba/lib -L/opt/homebrew/opt/readline/lib -L/opt/homebrew/opt/zlib/lib -L/opt/homebrew/opt/openssl@1.1/lib -L/opt/homebrew/opt/libyaml/lib -L/opt/homebrew/opt/libksba/lib -L/opt/homebrew/opt/readline/lib -L/opt/homebrew/opt/zlib/lib -L/opt/homebrew/opt/openssl@1.1/lib -L/opt/homebrew/opt/openssl@1.1/lib  -m64  -lmysqlclient  -lruby.2.7  -Wl,-rpath,/opt/homebrew/opt/mysql-client@8.0/lib  "
checked program was:
/* begin */
1: #include "ruby.h"
2: 
3: int main() {return 0;}
/* end */

